[13:44:45.26] Global cache location '/home/tim/.cache/typescript/3.5', safe file path '/home/tim/Projects/times-table/node_modules/typescript/lib/typingSafeList.json', types map path /home/tim/Projects/times-table/node_modules/typescript/lib/typesMap.json
[13:44:45.27] Processing cache location '/home/tim/.cache/typescript/3.5'
[13:44:45.27] Trying to find '/home/tim/.cache/typescript/3.5/package.json'...
[13:44:45.30] Loaded content of '/home/tim/.cache/typescript/3.5/package.json': {"private":true,"dependencies":{"types-registry":"^0.1.466"},"devDependencies":{"@types/abbrev":"^1.1.0","@types/accepts":"^1.3.5","@types/acorn":"^4.0.5","@types/agent-base":"^4.2.0","@types/ajv-errors":"^1.0.2","@types/align-text":"^1.0.1","@types/ansi":"^0.3.2","@types/ansi-regex":"^4.0.0","@types/ansi-styles":"^3.2.1","@types/anymatch":"^1.3.1","@types/app-root-dir":"^0.1.0","@types/are-we-there-yet":"^1.1.0","@types/argparse":"^1.0.36","@types/arr-diff":"^4.0.0","@types/arr-union":"^3.1.0","@types/array-find-index":"^1.0.0","@types/array-unique":"^0.3.0","@types/array.prototype.flatmap":"^1.2.0","@types/asap":"^2.0.0","@types/asn1":"^0.2.0","@types/assert":"^1.4.2","@types/assert-plus":"^1.0.4","@types/async":"^3.0.3","@types/atob":"^2.1.2","@types/autoprefixer":"^9.5.0","@types/aws4":"^1.5.1","@types/babel-code-frame":"^6.20.2","@types/babel-core":"^6.25.6","@types/babel-generator":"^6.25.3","@types/babel-plugin-syntax-jsx":"^6.18.0","@types/babel-template":"^6.25.2","@types/babel-traverse":"^6.25.5","@types/babel-types":"^7.0.7","@types/babel__core":"^7.1.3","@types/babylon":"^6.16.5","@types/balanced-match":"^1.0.0","@types/base64-js":"^1.2.5","@types/big.js":"^4.0.5","@types/bluebird":"^3.5.27","@types/bn.js":"^4.11.5","@types/body-parser":"^1.17.0","@types/bonjour":"^3.5.5","@types/brace-expansion":"^1.1.0","@types/braces":"^3.0.0","@types/brorand":"^1.0.30","@types/browser-resolve":"0.0.5","@types/browserslist":"^4.4.0","@types/bser":"^2.0.0","@types/buffer-from":"^1.1.0","@types/buffer-xor":"^2.0.0","@types/bytes":"^3.0.0","@types/caniuse-api":"^3.0.0","@types/caniuse-lite":"^1.0.0","@types/case-sensitive-paths-webpack-plugin":"^2.1.2","@types/caseless":"^0.12.2","@types/center-align":"^1.0.0","@types/chai":"^4.2.0","@types/change-emitter":"^0.1.2","@types/chardet":"^0.5.0","@types/check-types":"^7.3.1","@types/cheerio":"^0.22.11","@types/chownr":"^1.0.0","@types/ci-info":"^2.0.0","@types/cipher-base":"^1.0.0","@types/circular-json":"^0.4.0","@types/classnames":"^2.2.8","@types/clean-css":"^4.2.1","@types/cli-spinners":"^1.3.0","@types/clipboard":"^2.0.1","@types/clone":"^0.1.30","@types/clone-deep":"^4.0.1","@types/co":"^4.6.2","@types/color":"^3.0.0","@types/color-convert":"^1.9.0","@types/color-name":"^1.1.1","@types/color-string":"^1.5.0","@types/combined-stream":"^1.0.2","@types/common-tags":"^1.8.0","@types/commondir":"^1.0.0","@types/component-emitter":"^1.2.8","@types/compressible":"^2.0.0","@types/compression":"0.0.36","@types/concat-map":"0.0.0","@types/concat-stream":"^1.6.0","@types/connect-history-api-fallback":"^1.3.2","@types/consolidate":"0.0.35","@types/content-disposition":"^0.5.2","@types/content-type":"^1.1.3","@types/convert-source-map":"^1.5.1","@types/cookie":"^0.3.3","@types/cookie-signature":"^1.0.2","@types/copy-webpack-plugin":"^5.0.0","@types/core-js":"^2.5.2","@types/cosmiconfig":"^5.0.3","@types/create-hash":"^1.2.0","@types/create-hmac":"^1.1.0","@types/cross-spawn":"^6.0.0","@types/css":"0.0.31","@types/css-tree":"^1.0.0","@types/cssesc":"^3.0.0","@types/cssnano":"^4.0.0","@types/csso":"^3.5.1","@types/date-now":"^1.0.0","@types/debounce":"^1.2.0","@types/debug":"^4.1.4","@types/decode-uri-component":"^0.2.0","@types/deep-equal":"^1.0.1","@types/default-gateway":"^3.0.0","@types/defaults":"^1.0.2","@types/depd":"^1.1.32","@types/destroy":"^1.0.0","@types/detect-indent":"^5.0.0","@types/detect-node":"^2.0.0","@types/detect-port":"^1.1.0","@types/diff":"^4.0.2","@types/diffie-hellman":"^5.0.0","@types/dir-glob":"^2.0.0","@types/doctrine":"0.0.3","@types/domelementtype":"^1.3.0","@types/domhandler":"^2.4.1","@types/domready":"^1.0.0","@types/domutils":"^1.7.2","@types/dotenv":"^6.1.1","@types/dotenv-webpack":"^1.7.0","@types/duplexify":"^3.6.0","@types/ee-first":"^1.1.0","@types/ejs":"^2.6.3","@types/elliptic":"^6.4.9","@types/encodeurl":"^1.0.0","@types/end-of-stream":"^1.4.0","@types/enhanced-resolve":"^3.0.6","@types/entities":"^1.1.1","@types/es6-promisify":"^6.0.0","@types/es6-shim":"^0.31.39","@types/escape-html":"0.0.20","@types/escodegen":"0.0.6","@types/eslint":"^6.1.3","@types/eslint-scope":"^3.7.0","@types/eslint-visitor-keys":"^1.0.0","@types/esprima":"^4.0.2","@types/estraverse":"0.0.6","@types/etag":"^1.8.0","@types/events":"^3.0.0","@types/eventsource":"^1.1.0","@types/execa":"^0.9.0","@types/exit":"^0.1.30","@types/expect":"^1.20.4","@types/express":"^4.17.0","@types/extend":"^3.0.1","@types/extsprintf":"^1.4.1","@types/fast-json-stable-stringify":"^2.0.0","@types/fast-levenshtein":"0.0.1","@types/fb-watchman":"^2.0.0","@types/filesize":"^4.1.0","@types/finalhandler":"^1.1.0","@types/find-cache-dir":"^2.0.0","@types/find-root":"^1.1.1","@types/find-up":"^2.1.1","@types/flat-cache":"^2.0.0","@types/flush-write-stream":"^1.0.0","@types/follow-redirects":"^1.5.0","@types/forever-agent":"^0.6.0","@types/form-data":"^2.2.1","@types/forwarded":"^0.1.0","@types/fresh":"^0.5.0","@types/from2":"^2.3.0","@types/fs-extra":"^7.0.0","@types/fsevents":"^1.1.2","@types/get-caller-file":"^1.0.0","@types/get-value":"^3.0.1","@types/getpass":"^0.1.0","@types/glob":"^7.1.1","@types/glob-base":"^0.3.0","@types/glob-parent":"^3.1.1","@types/glob-to-regexp":"^0.4.0","@types/global-modules":"^2.0.0","@types/global-prefix":"^3.0.0","@types/globule":"^1.1.3","@types/graceful-fs":"^4.1.3","@types/graphlib":"^2.1.5","@types/has-ansi":"^3.0.0","@types/hash-sum":"^1.0.0","@types/he":"^1.1.0","@types/highlight.js":"^9.12.3","@types/hoek":"^4.1.3","@types/hoist-non-react-statics":"^3.3.1","@types/hosted-git-info":"^2.7.0","@types/html-entities":"^1.2.16","@types/html-minifier":"^3.5.3","@types/html-webpack-plugin":"^3.2.0","@types/htmlparser2":"^3.10.0","@types/http-errors":"^1.6.1","@types/http-proxy":"^1.17.0","@types/http-proxy-middleware":"^0.19.2","@types/icss-utils":"^4.1.0","@types/iferr":"^1.0.2","@types/image-size":"^0.7.0","@types/imurmurhash":"^0.1.0","@types/inherits":"0.0.30","@types/ini":"^1.3.30","@types/inquirer":"^6.0.3","@types/interpret":"^1.1.1","@types/invariant":"^2.2.29","@types/ip":"^1.1.0","@types/is-alphanumerical":"^1.0.0","@types/is-buffer":"^2.0.0","@types/is-callable":"^1.1.0","@types/is-ci":"^2.0.0","@types/is-date-object":"^1.0.0","@types/is-dotfile":"^2.0.0","@types/is-finite":"^1.0.0","@types/is-function":"^1.0.0","@types/is-glob":"^4.0.1","@types/is-number":"^3.0.1","@types/is-promise":"^2.1.0","@types/is-typedarray":"^1.0.0","@types/is-windows":"^0.2.0","@types/isarray":"^2.0.0","@types/isexe":"^2.0.0","@types/isomorphic-fetch":"0.0.35","@types/istanbul-lib-coverage":"^2.0.1","@types/istanbul-lib-hook":"^2.0.0","@types/istanbul-lib-instrument":"^1.7.3","@types/istanbul-lib-report":"^1.1.1","@types/istanbul-lib-source-maps":"^1.2.2","@types/istanbul-reports":"^1.1.1","@types/jest":"^24.0.15","@types/jest-diff":"^20.0.1","@types/jest-docblock":"^21.0.1","@types/jest-each":"^0.3.4","@types/jest-get-type":"^21.0.1","@types/jest-matcher-utils":"^21.0.2","@types/jest-validate":"^21.0.1","@types/joi":"^14.3.3","@types/js-base64":"^2.3.1","@types/js-beautify":"^1.8.1","@types/js-levenshtein":"^1.1.0","@types/js-yaml":"^3.12.1","@types/jsbn":"^1.2.29","@types/jsdom":"^12.2.3","@types/jsesc":"^0.4.29","@types/json-parse-better-errors":"^1.0.0","@types/json-schema":"^7.0.3","@types/json-stable-stringify":"^1.0.32","@types/json-stringify-safe":"^5.0.0","@types/json3":"^3.3.2","@types/json5":"0.0.30","@types/jsonfile":"^5.0.0","@types/kind-of":"^6.0.0","@types/klaw":"^3.0.0","@types/loader-runner":"^2.2.3","@types/loader-utils":"^1.1.3","@types/lodash":"^4.14.134","@types/lodash-es":"^4.17.3","@types/lodash.camelcase":"^4.3.6","@types/lodash.debounce":"^4.0.6","@types/lodash.defaultsdeep":"^4.6.6","@types/lodash.difference":"^4.5.6","@types/lodash.get":"^4.4.6","@types/lodash.isplainobject":"^4.0.6","@types/lodash.kebabcase":"^4.1.6","@types/lodash.mapvalues":"^4.6.6","@types/lodash.memoize":"^4.1.6","@types/lodash.pad":"^4.5.6","@types/lodash.padend":"^4.6.6","@types/lodash.padstart":"^4.6.6","@types/lodash.some":"^4.6.6","@types/lodash.sortby":"^4.7.6","@types/lodash.tail":"^4.1.6","@types/lodash.template":"^4.4.6","@types/lodash.throttle":"^4.1.6","@types/lodash.transform":"^4.6.6","@types/lodash.uniq":"^4.5.6","@types/loglevel":"^1.5.4","@types/lowlight":"0.0.0","@types/lru-cache":"^5.1.0","@types/map-obj":"^2.0.0","@types/markdown-to-jsx":"^6.9.0","@types/marked":"^0.6.5","@types/media-typer":"^0.3.0","@types/memory-fs":"^0.3.2","@types/meow":"^5.0.0","@types/merge-descriptors":"^1.0.1","@types/merge-stream":"^1.1.2","@types/merge2":"^1.1.4","@types/methods":"^1.1.0","@types/micromatch":"^3.1.0","@types/mime":"^2.0.1","@types/mime-db":"^1.27.0","@types/mime-types":"^2.1.0","@types/min-document":"^2.19.0","@types/mini-css-extract-plugin":"^0.2.1","@types/minimatch":"^3.0.3","@types/minimist":"^1.2.0","@types/mkdirp":"^0.5.2","@types/mousetrap":"^1.6.3","@types/move-concurrently":"^1.0.2","@types/ms":"^0.7.30","@types/mz":"0.0.32","@types/natural-compare":"^1.4.0","@types/negotiator":"^0.6.1","@types/node-fetch":"^2.3.7","@types/node-forge":"^0.8.4","@types/node-int64":"^0.4.29","@types/node-ipc":"^9.1.1","@types/node-notifier":"^5.4.0","@types/node-sass":"^4.11.0","@types/nopt":"^3.0.29","@types/normalize-package-data":"^2.4.0","@types/normalize-path":"^3.0.0","@types/npmlog":"^4.1.1","@types/number-is-nan":"^1.0.0","@types/object-assign":"^4.0.30","@types/object-hash":"^1.3.0","@types/object-keys":"^1.0.0","@types/object.getownpropertydescriptors":"^2.0.0","@types/object.omit":"^3.0.0","@types/object.pick":"^1.3.0","@types/on-finished":"^2.3.1","@types/on-headers":"^1.0.0","@types/once":"^1.4.0","@types/onetime":"^3.0.0","@types/open":"^6.1.0","@types/opener":"^1.4.0","@types/optimist":"0.0.29","@types/original":"^1.0.0","@types/os-homedir":"^1.0.0","@types/os-locale":"^2.1.0","@types/os-tmpdir":"^1.0.0","@types/osenv":"^0.1.0","@types/pako":"^1.0.1","@types/parallel-transform":"^1.1.0","@types/parse-glob":"^3.0.29","@types/parse-json":"^4.0.0","@types/parse5":"^5.0.0","@types/parseurl":"^1.3.1","@types/path-exists":"^3.0.0","@types/path-is-absolute":"^1.0.0","@types/path-is-inside":"^1.0.0","@types/path-parse":"^1.0.19","@types/pbkdf2":"^3.0.0","@types/pify":"^3.0.2","@types/pluralize":"0.0.29","@types/postcss-calc":"^7.0.0","@types/postcss-load-config":"^2.0.0","@types/postcss-modules-extract-imports":"^2.0.0","@types/postcss-modules-local-by-default":"^1.2.0","@types/postcss-modules-scope":"^1.1.0","@types/postcss-modules-values":"^3.0.0","@types/prelude-ls":"^1.1.29","@types/prettier":"^1.16.4","@types/pretty":"^2.0.0","@types/pretty-bytes":"^5.1.0","@types/pretty-format":"^20.0.1","@types/pretty-hrtime":"^1.0.0","@types/prismjs":"^1.16.0","@types/progress":"^2.0.3","@types/promise-polyfill":"^6.0.3","@types/promise.prototype.finally":"^2.0.3","@types/prompts":"^2.0.1","@types/prop-types":"^15.7.1","@types/proxy-addr":"^2.0.0","@types/proxy-from-env":"^1.0.0","@types/psl":"^1.1.0","@types/pug":"^2.0.4","@types/pump":"^1.1.0","@types/pumpify":"^1.4.1","@types/punycode":"^2.1.0","@types/q":"^1.5.2","@types/qs":"^6.5.3","@types/querystringify":"^2.0.0","@types/ramda":"^0.26.9","@types/randombytes":"^2.0.0","@types/range-parser":"^1.2.3","@types/react":"^16.8.22","@types/react-dev-utils":"^9.0.1","@types/react-dom":"^16.8.4","@types/react-helmet":"^5.0.8","@types/react-is":"^16.7.1","@types/react-lifecycles-compat":"^3.0.1","@types/react-resize-detector":"^4.0.1","@types/react-syntax-highlighter":"^10.2.1","@types/react-textarea-autosize":"^4.3.4","@types/read-pkg":"^4.0.0","@types/read-pkg-up":"^3.0.1","@types/readable-stream":"^2.3.1","@types/rechoir":"^0.6.1","@types/recompose":"^0.30.6","@types/recursive-readdir":"^2.2.0","@types/redent":"^2.0.0","@types/refractor":"^2.8.0","@types/relateurl":"^0.2.28","@types/repeat-element":"^1.1.0","@types/repeat-string":"^1.6.0","@types/repeating":"^3.0.0","@types/request":"^2.48.1","@types/request-promise-native":"^1.0.16","@types/require-directory":"^2.1.1","@types/requires-port":"^1.0.0","@types/resolve":"0.0.8","@types/resolve-cwd":"^2.0.0","@types/restore-cursor":"^2.0.0","@types/retry":"^0.12.0","@types/right-align":"^0.1.0","@types/rimraf":"^2.0.2","@types/ripemd160":"^2.0.0","@types/rsvp":"^4.0.2","@types/rx-lite":"^4.0.6","@types/rx-lite-aggregates":"^4.0.3","@types/safe-regex":"^1.1.2","@types/sane":"^2.0.0","@types/sass":"^1.16.0","@types/sass-graph":"^2.1.2","@types/sax":"^1.2.0","@types/scheduler":"^0.12.1","@types/semver":"^6.0.1","@types/send":"^0.14.4","@types/serialize-javascript":"^1.5.0","@types/serve-favicon":"^2.2.30","@types/serve-index":"^1.7.29","@types/serve-static":"^1.13.2","@types/set-value":"^2.0.0","@types/sha.js":"^2.4.0","@types/shallowequal":"^1.1.1","@types/shebang-command":"^1.2.0","@types/shebang-regex":"^2.0.0","@types/shell-quote":"^1.6.1","@types/shelljs":"^0.8.5","@types/sigmund":"^1.0.0","@types/signal-exit":"^3.0.0","@types/simplebar":"^2.4.2","@types/slash":"^2.0.0","@types/slice-ansi":"^2.0.0","@types/sockjs":"^0.3.31","@types/sockjs-client":"^1.1.1","@types/source-list-map":"^0.1.2","@types/source-map-support":"^0.5.0","@types/spdx-correct":"^2.0.0","@types/spdy":"^3.4.4","@types/sprintf":"^0.1.0","@types/sprintf-js":"^1.1.2","@types/sshpk":"^1.10.4","@types/ssri":"^6.0.1","@types/stack-utils":"^1.0.1","@types/statuses":"^1.5.0","@types/stream-each":"^1.2.0","@types/stream-shift":"^1.0.0","@types/strict-uri-encode":"^2.0.0","@types/stringify-object":"^3.2.0","@types/strip-json-comments":"0.0.30","@types/supports-color":"^5.3.0","@types/svg-sprite-loader":"^3.9.1","@types/svgo":"^1.0.2","@types/table":"^4.0.5","@types/tapable":"^1.0.4","@types/tar":"^4.0.1","@types/term-size":"^1.2.0","@types/terser-webpack-plugin":"^1.2.1","@types/text-table":"^0.2.1","@types/through":"0.0.29","@types/through2":"^2.0.34","@types/timsort":"^0.3.0","@types/tmp":"^0.1.0","@types/topo":"^3.0.0","@types/toposort":"^2.0.1","@types/tough-cookie":"^2.3.5","@types/traverse":"^0.6.32","@types/tryer":"^1.0.1","@types/type-check":"^0.3.27","@types/type-is":"^1.6.2","@types/ua-parser-js":"^0.7.33","@types/uglify-js":"^3.0.4","@types/unidecode":"^0.1.1","@types/uniq":"0.0.27","@types/urix":"^0.1.0","@types/url-parse":"^1.4.3","@types/util-deprecate":"^1.0.0","@types/util.promisify":"^1.0.1","@types/utils-merge":"0.0.28","@types/uuid":"^3.4.4","@types/vary":"^1.1.0","@types/verror":"^1.10.3","@types/void-elements":"^3.1.0","@types/warning":"^3.0.0","@types/watch":"^1.0.1","@types/watchpack":"^1.1.5","@types/wcwidth":"^1.0.0","@types/webpack":"^4.4.34","@types/webpack-bundle-analyzer":"^2.13.1","@types/webpack-dev-middleware":"^2.0.3","@types/webpack-dev-server":"^3.1.6","@types/webpack-hot-middleware":"^2.16.5","@types/webpack-merge":"^4.1.5","@types/webpack-sources":"^0.1.5","@types/whatwg-mimetype":"^2.1.0","@types/whatwg-url":"^6.4.0","@types/which":"^1.3.1","@types/window-size":"^0.2.4","@types/wordwrap":"^1.0.0","@types/workbox-sw":"^4.2.0","@types/workbox-webpack-plugin":"^4.1.0","@types/wrap-ansi":"^3.0.0","@types/write":"^2.0.0","@types/write-file-atomic":"^2.1.2","@types/ws":"^6.0.1","@types/xml":"^1.0.3","@types/xtend":"^4.0.2","@types/y18n":"^4.0.0","@types/yallist":"^3.0.1","@types/yargs":"^13.0.0","@types/yargs-parser":"^13.0.0"}}
[13:44:45.30] Loaded content of '/home/tim/.cache/typescript/3.5/package-lock.json'
[13:44:45.38] Adding entry into typings cache: 'abbrev' => '/home/tim/.cache/typescript/3.5/node_modules/@types/abbrev/index.d.ts'
[13:44:45.41] Adding entry into typings cache: 'accepts' => '/home/tim/.cache/typescript/3.5/node_modules/@types/accepts/index.d.ts'
[13:44:45.43] Adding entry into typings cache: 'acorn' => '/home/tim/.cache/typescript/3.5/node_modules/@types/acorn/index.d.ts'
[13:44:45.44] Adding entry into typings cache: 'agent-base' => '/home/tim/.cache/typescript/3.5/node_modules/@types/agent-base/index.d.ts'
[13:44:45.46] Adding entry into typings cache: 'ajv-errors' => '/home/tim/.cache/typescript/3.5/node_modules/@types/ajv-errors/index.d.ts'
[13:44:45.48] Adding entry into typings cache: 'align-text' => '/home/tim/.cache/typescript/3.5/node_modules/@types/align-text/index.d.ts'
[13:44:45.49] Adding entry into typings cache: 'ansi' => '/home/tim/.cache/typescript/3.5/node_modules/@types/ansi/index.d.ts'
[13:44:45.50] Adding entry into typings cache: 'ansi-regex' => '/home/tim/.cache/typescript/3.5/node_modules/@types/ansi-regex/index.d.ts'
[13:44:45.54] Adding entry into typings cache: 'ansi-styles' => '/home/tim/.cache/typescript/3.5/node_modules/@types/ansi-styles/index.d.ts'
[13:44:45.57] Adding entry into typings cache: 'anymatch' => '/home/tim/.cache/typescript/3.5/node_modules/@types/anymatch/index.d.ts'
[13:44:45.58] Adding entry into typings cache: 'app-root-dir' => '/home/tim/.cache/typescript/3.5/node_modules/@types/app-root-dir/index.d.ts'
[13:44:45.59] Adding entry into typings cache: 'are-we-there-yet' => '/home/tim/.cache/typescript/3.5/node_modules/@types/are-we-there-yet/index.d.ts'
[13:44:45.61] Adding entry into typings cache: 'argparse' => '/home/tim/.cache/typescript/3.5/node_modules/@types/argparse/index.d.ts'
[13:44:45.64] Adding entry into typings cache: 'arr-diff' => '/home/tim/.cache/typescript/3.5/node_modules/@types/arr-diff/index.d.ts'
[13:44:45.66] Adding entry into typings cache: 'arr-union' => '/home/tim/.cache/typescript/3.5/node_modules/@types/arr-union/index.d.ts'
[13:44:45.68] Adding entry into typings cache: 'array-find-index' => '/home/tim/.cache/typescript/3.5/node_modules/@types/array-find-index/index.d.ts'
[13:44:45.70] Adding entry into typings cache: 'array-unique' => '/home/tim/.cache/typescript/3.5/node_modules/@types/array-unique/index.d.ts'
[13:44:45.70] Adding entry into typings cache: 'array.prototype.flatmap' => '/home/tim/.cache/typescript/3.5/node_modules/@types/array.prototype.flatmap/index.d.ts'
[13:44:45.71] Adding entry into typings cache: 'asap' => '/home/tim/.cache/typescript/3.5/node_modules/@types/asap/index.d.ts'
[13:44:45.72] Adding entry into typings cache: 'asn1' => '/home/tim/.cache/typescript/3.5/node_modules/@types/asn1/index.d.ts'
[13:44:45.73] Adding entry into typings cache: 'assert' => '/home/tim/.cache/typescript/3.5/node_modules/@types/assert/index.d.ts'
[13:44:45.75] Adding entry into typings cache: 'assert-plus' => '/home/tim/.cache/typescript/3.5/node_modules/@types/assert-plus/index.d.ts'
[13:44:45.76] Adding entry into typings cache: 'async' => '/home/tim/.cache/typescript/3.5/node_modules/@types/async/index.d.ts'
[13:44:45.78] Adding entry into typings cache: 'atob' => '/home/tim/.cache/typescript/3.5/node_modules/@types/atob/index.d.ts'
[13:44:45.79] Adding entry into typings cache: 'autoprefixer' => '/home/tim/.cache/typescript/3.5/node_modules/@types/autoprefixer/index.d.ts'
[13:44:45.80] Adding entry into typings cache: 'aws4' => '/home/tim/.cache/typescript/3.5/node_modules/@types/aws4/index.d.ts'
[13:44:45.81] Adding entry into typings cache: 'babel-code-frame' => '/home/tim/.cache/typescript/3.5/node_modules/@types/babel-code-frame/index.d.ts'
[13:44:45.82] Adding entry into typings cache: 'babel-core' => '/home/tim/.cache/typescript/3.5/node_modules/@types/babel-core/index.d.ts'
[13:44:45.83] Adding entry into typings cache: 'babel-generator' => '/home/tim/.cache/typescript/3.5/node_modules/@types/babel-generator/index.d.ts'
[13:44:45.84] Adding entry into typings cache: 'babel-plugin-syntax-jsx' => '/home/tim/.cache/typescript/3.5/node_modules/@types/babel-plugin-syntax-jsx/index.d.ts'
[13:44:45.85] Adding entry into typings cache: 'babel-template' => '/home/tim/.cache/typescript/3.5/node_modules/@types/babel-template/index.d.ts'
[13:44:45.87] Adding entry into typings cache: 'babel-traverse' => '/home/tim/.cache/typescript/3.5/node_modules/@types/babel-traverse/index.d.ts'
[13:44:45.88] Adding entry into typings cache: 'babel-types' => '/home/tim/.cache/typescript/3.5/node_modules/@types/babel-types/index.d.ts'
[13:44:45.89] Adding entry into typings cache: 'babel__core' => '/home/tim/.cache/typescript/3.5/node_modules/@types/babel__core/index.d.ts'
[13:44:45.91] Adding entry into typings cache: 'babylon' => '/home/tim/.cache/typescript/3.5/node_modules/@types/babylon/index.d.ts'
[13:44:45.92] Adding entry into typings cache: 'balanced-match' => '/home/tim/.cache/typescript/3.5/node_modules/@types/balanced-match/index.d.ts'
[13:44:45.94] Adding entry into typings cache: 'base64-js' => '/home/tim/.cache/typescript/3.5/node_modules/@types/base64-js/index.d.ts'
[13:44:45.95] Adding entry into typings cache: 'big.js' => '/home/tim/.cache/typescript/3.5/node_modules/@types/big.js/index.d.ts'
[13:44:45.96] Adding entry into typings cache: 'bluebird' => '/home/tim/.cache/typescript/3.5/node_modules/@types/bluebird/index.d.ts'
[13:44:45.97] Adding entry into typings cache: 'bn.js' => '/home/tim/.cache/typescript/3.5/node_modules/@types/bn.js/index.d.ts'
[13:44:45.98] Adding entry into typings cache: 'body-parser' => '/home/tim/.cache/typescript/3.5/node_modules/@types/body-parser/index.d.ts'
[13:44:45.99] Adding entry into typings cache: 'bonjour' => '/home/tim/.cache/typescript/3.5/node_modules/@types/bonjour/index.d.ts'
[13:44:45.100] Adding entry into typings cache: 'brace-expansion' => '/home/tim/.cache/typescript/3.5/node_modules/@types/brace-expansion/index.d.ts'
[13:44:45.102] Adding entry into typings cache: 'braces' => '/home/tim/.cache/typescript/3.5/node_modules/@types/braces/index.d.ts'
[13:44:45.102] Adding entry into typings cache: 'brorand' => '/home/tim/.cache/typescript/3.5/node_modules/@types/brorand/index.d.ts'
[13:44:45.103] Adding entry into typings cache: 'browser-resolve' => '/home/tim/.cache/typescript/3.5/node_modules/@types/browser-resolve/index.d.ts'
[13:44:45.105] Adding entry into typings cache: 'browserslist' => '/home/tim/.cache/typescript/3.5/node_modules/@types/browserslist/index.d.ts'
[13:44:45.106] Adding entry into typings cache: 'bser' => '/home/tim/.cache/typescript/3.5/node_modules/@types/bser/index.d.ts'
[13:44:45.109] Adding entry into typings cache: 'buffer-from' => '/home/tim/.cache/typescript/3.5/node_modules/@types/buffer-from/index.d.ts'
[13:44:45.109] Adding entry into typings cache: 'buffer-xor' => '/home/tim/.cache/typescript/3.5/node_modules/@types/buffer-xor/index.d.ts'
[13:44:45.111] Adding entry into typings cache: 'bytes' => '/home/tim/.cache/typescript/3.5/node_modules/@types/bytes/index.d.ts'
[13:44:45.111] Adding entry into typings cache: 'caniuse-api' => '/home/tim/.cache/typescript/3.5/node_modules/@types/caniuse-api/index.d.ts'
[13:44:45.112] Adding entry into typings cache: 'caniuse-lite' => '/home/tim/.cache/typescript/3.5/node_modules/@types/caniuse-lite/index.d.ts'
[13:44:45.113] Adding entry into typings cache: 'case-sensitive-paths-webpack-plugin' => '/home/tim/.cache/typescript/3.5/node_modules/@types/case-sensitive-paths-webpack-plugin/index.d.ts'
[13:44:45.114] Adding entry into typings cache: 'caseless' => '/home/tim/.cache/typescript/3.5/node_modules/@types/caseless/index.d.ts'
[13:44:45.115] Adding entry into typings cache: 'center-align' => '/home/tim/.cache/typescript/3.5/node_modules/@types/center-align/index.d.ts'
[13:44:45.116] Adding entry into typings cache: 'chai' => '/home/tim/.cache/typescript/3.5/node_modules/@types/chai/index.d.ts'
[13:44:45.117] Adding entry into typings cache: 'change-emitter' => '/home/tim/.cache/typescript/3.5/node_modules/@types/change-emitter/index.d.ts'
[13:44:45.118] Adding entry into typings cache: 'chardet' => '/home/tim/.cache/typescript/3.5/node_modules/@types/chardet/index.d.ts'
[13:44:45.119] Adding entry into typings cache: 'check-types' => '/home/tim/.cache/typescript/3.5/node_modules/@types/check-types/index.d.ts'
[13:44:45.120] Adding entry into typings cache: 'cheerio' => '/home/tim/.cache/typescript/3.5/node_modules/@types/cheerio/index.d.ts'
[13:44:45.120] Adding entry into typings cache: 'chownr' => '/home/tim/.cache/typescript/3.5/node_modules/@types/chownr/index.d.ts'
[13:44:45.121] Adding entry into typings cache: 'ci-info' => '/home/tim/.cache/typescript/3.5/node_modules/@types/ci-info/index.d.ts'
[13:44:45.122] Adding entry into typings cache: 'cipher-base' => '/home/tim/.cache/typescript/3.5/node_modules/@types/cipher-base/index.d.ts'
[13:44:45.123] Adding entry into typings cache: 'circular-json' => '/home/tim/.cache/typescript/3.5/node_modules/@types/circular-json/index.d.ts'
[13:44:45.123] Adding entry into typings cache: 'classnames' => '/home/tim/.cache/typescript/3.5/node_modules/@types/classnames/index.d.ts'
[13:44:45.124] Adding entry into typings cache: 'clean-css' => '/home/tim/.cache/typescript/3.5/node_modules/@types/clean-css/index.d.ts'
[13:44:45.125] Adding entry into typings cache: 'cli-spinners' => '/home/tim/.cache/typescript/3.5/node_modules/@types/cli-spinners/index.d.ts'
[13:44:45.125] Adding entry into typings cache: 'clipboard' => '/home/tim/.cache/typescript/3.5/node_modules/@types/clipboard/index.d.ts'
[13:44:45.127] Adding entry into typings cache: 'clone' => '/home/tim/.cache/typescript/3.5/node_modules/@types/clone/index.d.ts'
[13:44:45.128] Adding entry into typings cache: 'clone-deep' => '/home/tim/.cache/typescript/3.5/node_modules/@types/clone-deep/index.d.ts'
[13:44:45.128] Adding entry into typings cache: 'co' => '/home/tim/.cache/typescript/3.5/node_modules/@types/co/index.d.ts'
[13:44:45.129] Adding entry into typings cache: 'color' => '/home/tim/.cache/typescript/3.5/node_modules/@types/color/index.d.ts'
[13:44:45.131] Adding entry into typings cache: 'color-convert' => '/home/tim/.cache/typescript/3.5/node_modules/@types/color-convert/index.d.ts'
[13:44:45.133] Adding entry into typings cache: 'color-name' => '/home/tim/.cache/typescript/3.5/node_modules/@types/color-name/index.d.ts'
[13:44:45.133] Adding entry into typings cache: 'color-string' => '/home/tim/.cache/typescript/3.5/node_modules/@types/color-string/index.d.ts'
[13:44:45.134] Adding entry into typings cache: 'combined-stream' => '/home/tim/.cache/typescript/3.5/node_modules/@types/combined-stream/index.d.ts'
[13:44:45.135] Adding entry into typings cache: 'common-tags' => '/home/tim/.cache/typescript/3.5/node_modules/@types/common-tags/index.d.ts'
[13:44:45.136] Adding entry into typings cache: 'commondir' => '/home/tim/.cache/typescript/3.5/node_modules/@types/commondir/index.d.ts'
[13:44:45.138] Adding entry into typings cache: 'component-emitter' => '/home/tim/.cache/typescript/3.5/node_modules/@types/component-emitter/index.d.ts'
[13:44:45.138] Adding entry into typings cache: 'compressible' => '/home/tim/.cache/typescript/3.5/node_modules/@types/compressible/index.d.ts'
[13:44:45.139] Adding entry into typings cache: 'compression' => '/home/tim/.cache/typescript/3.5/node_modules/@types/compression/index.d.ts'
[13:44:45.141] Adding entry into typings cache: 'concat-map' => '/home/tim/.cache/typescript/3.5/node_modules/@types/concat-map/index.d.ts'
[13:44:45.142] Adding entry into typings cache: 'concat-stream' => '/home/tim/.cache/typescript/3.5/node_modules/@types/concat-stream/index.d.ts'
[13:44:45.143] Adding entry into typings cache: 'connect-history-api-fallback' => '/home/tim/.cache/typescript/3.5/node_modules/@types/connect-history-api-fallback/index.d.ts'
[13:44:45.144] Adding entry into typings cache: 'consolidate' => '/home/tim/.cache/typescript/3.5/node_modules/@types/consolidate/index.d.ts'
[13:44:45.145] Adding entry into typings cache: 'content-disposition' => '/home/tim/.cache/typescript/3.5/node_modules/@types/content-disposition/index.d.ts'
[13:44:45.147] Adding entry into typings cache: 'content-type' => '/home/tim/.cache/typescript/3.5/node_modules/@types/content-type/index.d.ts'
[13:44:45.149] Adding entry into typings cache: 'convert-source-map' => '/home/tim/.cache/typescript/3.5/node_modules/@types/convert-source-map/index.d.ts'
[13:44:45.150] Adding entry into typings cache: 'cookie' => '/home/tim/.cache/typescript/3.5/node_modules/@types/cookie/index.d.ts'
[13:44:45.151] Adding entry into typings cache: 'cookie-signature' => '/home/tim/.cache/typescript/3.5/node_modules/@types/cookie-signature/index.d.ts'
[13:44:45.151] Adding entry into typings cache: 'copy-webpack-plugin' => '/home/tim/.cache/typescript/3.5/node_modules/@types/copy-webpack-plugin/index.d.ts'
[13:44:45.152] Adding entry into typings cache: 'core-js' => '/home/tim/.cache/typescript/3.5/node_modules/@types/core-js/index.d.ts'
[13:44:45.154] Adding entry into typings cache: 'cosmiconfig' => '/home/tim/.cache/typescript/3.5/node_modules/@types/cosmiconfig/index.d.ts'
[13:44:45.155] Adding entry into typings cache: 'create-hash' => '/home/tim/.cache/typescript/3.5/node_modules/@types/create-hash/index.d.ts'
[13:44:45.157] Adding entry into typings cache: 'create-hmac' => '/home/tim/.cache/typescript/3.5/node_modules/@types/create-hmac/index.d.ts'
[13:44:45.158] Adding entry into typings cache: 'cross-spawn' => '/home/tim/.cache/typescript/3.5/node_modules/@types/cross-spawn/index.d.ts'
[13:44:45.159] Adding entry into typings cache: 'css' => '/home/tim/.cache/typescript/3.5/node_modules/@types/css/index.d.ts'
[13:44:45.160] Adding entry into typings cache: 'css-tree' => '/home/tim/.cache/typescript/3.5/node_modules/@types/css-tree/index.d.ts'
[13:44:45.161] Adding entry into typings cache: 'cssesc' => '/home/tim/.cache/typescript/3.5/node_modules/@types/cssesc/index.d.ts'
[13:44:45.162] Adding entry into typings cache: 'cssnano' => '/home/tim/.cache/typescript/3.5/node_modules/@types/cssnano/index.d.ts'
[13:44:45.163] Adding entry into typings cache: 'csso' => '/home/tim/.cache/typescript/3.5/node_modules/@types/csso/index.d.ts'
[13:44:45.164] Adding entry into typings cache: 'date-now' => '/home/tim/.cache/typescript/3.5/node_modules/@types/date-now/index.d.ts'
[13:44:45.165] Adding entry into typings cache: 'debounce' => '/home/tim/.cache/typescript/3.5/node_modules/@types/debounce/index.d.ts'
[13:44:45.166] Adding entry into typings cache: 'debug' => '/home/tim/.cache/typescript/3.5/node_modules/@types/debug/index.d.ts'
[13:44:45.167] Adding entry into typings cache: 'decode-uri-component' => '/home/tim/.cache/typescript/3.5/node_modules/@types/decode-uri-component/index.d.ts'
[13:44:45.167] Adding entry into typings cache: 'deep-equal' => '/home/tim/.cache/typescript/3.5/node_modules/@types/deep-equal/index.d.ts'
[13:44:45.168] Adding entry into typings cache: 'default-gateway' => '/home/tim/.cache/typescript/3.5/node_modules/@types/default-gateway/index.d.ts'
[13:44:45.168] Adding entry into typings cache: 'defaults' => '/home/tim/.cache/typescript/3.5/node_modules/@types/defaults/index.d.ts'
[13:44:45.169] Adding entry into typings cache: 'depd' => '/home/tim/.cache/typescript/3.5/node_modules/@types/depd/index.d.ts'
[13:44:45.169] Adding entry into typings cache: 'destroy' => '/home/tim/.cache/typescript/3.5/node_modules/@types/destroy/index.d.ts'
[13:44:45.170] Adding entry into typings cache: 'detect-indent' => '/home/tim/.cache/typescript/3.5/node_modules/@types/detect-indent/index.d.ts'
[13:44:45.170] Adding entry into typings cache: 'detect-node' => '/home/tim/.cache/typescript/3.5/node_modules/@types/detect-node/index.d.ts'
[13:44:45.171] Adding entry into typings cache: 'detect-port' => '/home/tim/.cache/typescript/3.5/node_modules/@types/detect-port/index.d.ts'
[13:44:45.171] Adding entry into typings cache: 'diff' => '/home/tim/.cache/typescript/3.5/node_modules/@types/diff/index.d.ts'
[13:44:45.172] Adding entry into typings cache: 'diffie-hellman' => '/home/tim/.cache/typescript/3.5/node_modules/@types/diffie-hellman/index.d.ts'
[13:44:45.172] Adding entry into typings cache: 'dir-glob' => '/home/tim/.cache/typescript/3.5/node_modules/@types/dir-glob/index.d.ts'
[13:44:45.173] Adding entry into typings cache: 'doctrine' => '/home/tim/.cache/typescript/3.5/node_modules/@types/doctrine/index.d.ts'
[13:44:45.173] Adding entry into typings cache: 'domelementtype' => '/home/tim/.cache/typescript/3.5/node_modules/@types/domelementtype/index.d.ts'
[13:44:45.175] Adding entry into typings cache: 'domhandler' => '/home/tim/.cache/typescript/3.5/node_modules/@types/domhandler/index.d.ts'
[13:44:45.176] Adding entry into typings cache: 'domready' => '/home/tim/.cache/typescript/3.5/node_modules/@types/domready/index.d.ts'
[13:44:45.177] Adding entry into typings cache: 'domutils' => '/home/tim/.cache/typescript/3.5/node_modules/@types/domutils/index.d.ts'
[13:44:45.177] Adding entry into typings cache: 'dotenv' => '/home/tim/.cache/typescript/3.5/node_modules/@types/dotenv/index.d.ts'
[13:44:45.178] Adding entry into typings cache: 'dotenv-webpack' => '/home/tim/.cache/typescript/3.5/node_modules/@types/dotenv-webpack/index.d.ts'
[13:44:45.178] Adding entry into typings cache: 'duplexify' => '/home/tim/.cache/typescript/3.5/node_modules/@types/duplexify/index.d.ts'
[13:44:45.179] Adding entry into typings cache: 'ee-first' => '/home/tim/.cache/typescript/3.5/node_modules/@types/ee-first/index.d.ts'
[13:44:45.179] Adding entry into typings cache: 'ejs' => '/home/tim/.cache/typescript/3.5/node_modules/@types/ejs/index.d.ts'
[13:44:45.180] Adding entry into typings cache: 'elliptic' => '/home/tim/.cache/typescript/3.5/node_modules/@types/elliptic/index.d.ts'
[13:44:45.180] Adding entry into typings cache: 'encodeurl' => '/home/tim/.cache/typescript/3.5/node_modules/@types/encodeurl/index.d.ts'
[13:44:45.181] Adding entry into typings cache: 'end-of-stream' => '/home/tim/.cache/typescript/3.5/node_modules/@types/end-of-stream/index.d.ts'
[13:44:45.181] Adding entry into typings cache: 'enhanced-resolve' => '/home/tim/.cache/typescript/3.5/node_modules/@types/enhanced-resolve/index.d.ts'
[13:44:45.182] Adding entry into typings cache: 'entities' => '/home/tim/.cache/typescript/3.5/node_modules/@types/entities/index.d.ts'
[13:44:45.183] Adding entry into typings cache: 'es6-promisify' => '/home/tim/.cache/typescript/3.5/node_modules/@types/es6-promisify/index.d.ts'
[13:44:45.185] Adding entry into typings cache: 'es6-shim' => '/home/tim/.cache/typescript/3.5/node_modules/@types/es6-shim/ts3.1/index.d.ts'
[13:44:45.185] Adding entry into typings cache: 'escape-html' => '/home/tim/.cache/typescript/3.5/node_modules/@types/escape-html/index.d.ts'
[13:44:45.186] Adding entry into typings cache: 'escodegen' => '/home/tim/.cache/typescript/3.5/node_modules/@types/escodegen/index.d.ts'
[13:44:45.187] Adding entry into typings cache: 'eslint' => '/home/tim/.cache/typescript/3.5/node_modules/@types/eslint/ts3.1/index.d.ts'
[13:44:45.187] Adding entry into typings cache: 'eslint-scope' => '/home/tim/.cache/typescript/3.5/node_modules/@types/eslint-scope/index.d.ts'
[13:44:45.188] Adding entry into typings cache: 'eslint-visitor-keys' => '/home/tim/.cache/typescript/3.5/node_modules/@types/eslint-visitor-keys/index.d.ts'
[13:44:45.188] Adding entry into typings cache: 'esprima' => '/home/tim/.cache/typescript/3.5/node_modules/@types/esprima/index.d.ts'
[13:44:45.188] Adding entry into typings cache: 'estraverse' => '/home/tim/.cache/typescript/3.5/node_modules/@types/estraverse/index.d.ts'
[13:44:45.189] Adding entry into typings cache: 'etag' => '/home/tim/.cache/typescript/3.5/node_modules/@types/etag/index.d.ts'
[13:44:45.189] Adding entry into typings cache: 'events' => '/home/tim/.cache/typescript/3.5/node_modules/@types/events/index.d.ts'
[13:44:45.190] Adding entry into typings cache: 'eventsource' => '/home/tim/.cache/typescript/3.5/node_modules/@types/eventsource/index.d.ts'
[13:44:45.190] Adding entry into typings cache: 'execa' => '/home/tim/.cache/typescript/3.5/node_modules/@types/execa/index.d.ts'
[13:44:45.191] Adding entry into typings cache: 'exit' => '/home/tim/.cache/typescript/3.5/node_modules/@types/exit/index.d.ts'
[13:44:45.193] Adding entry into typings cache: 'expect' => '/home/tim/.cache/typescript/3.5/node_modules/@types/expect/index.d.ts'
[13:44:45.193] Adding entry into typings cache: 'express' => '/home/tim/.cache/typescript/3.5/node_modules/@types/express/index.d.ts'
[13:44:45.194] Adding entry into typings cache: 'extend' => '/home/tim/.cache/typescript/3.5/node_modules/@types/extend/index.d.ts'
[13:44:45.194] Adding entry into typings cache: 'extsprintf' => '/home/tim/.cache/typescript/3.5/node_modules/@types/extsprintf/index.d.ts'
[13:44:45.195] Adding entry into typings cache: 'fast-json-stable-stringify' => '/home/tim/.cache/typescript/3.5/node_modules/@types/fast-json-stable-stringify/index.d.ts'
[13:44:45.196] Adding entry into typings cache: 'fast-levenshtein' => '/home/tim/.cache/typescript/3.5/node_modules/@types/fast-levenshtein/index.d.ts'
[13:44:45.196] Adding entry into typings cache: 'fb-watchman' => '/home/tim/.cache/typescript/3.5/node_modules/@types/fb-watchman/index.d.ts'
[13:44:45.197] Adding entry into typings cache: 'filesize' => '/home/tim/.cache/typescript/3.5/node_modules/@types/filesize/index.d.ts'
[13:44:45.197] Adding entry into typings cache: 'finalhandler' => '/home/tim/.cache/typescript/3.5/node_modules/@types/finalhandler/index.d.ts'
[13:44:45.198] Adding entry into typings cache: 'find-cache-dir' => '/home/tim/.cache/typescript/3.5/node_modules/@types/find-cache-dir/index.d.ts'
[13:44:45.199] Adding entry into typings cache: 'find-root' => '/home/tim/.cache/typescript/3.5/node_modules/@types/find-root/index.d.ts'
[13:44:45.199] Adding entry into typings cache: 'find-up' => '/home/tim/.cache/typescript/3.5/node_modules/@types/find-up/index.d.ts'
[13:44:45.200] Adding entry into typings cache: 'flat-cache' => '/home/tim/.cache/typescript/3.5/node_modules/@types/flat-cache/index.d.ts'
[13:44:45.200] Adding entry into typings cache: 'flush-write-stream' => '/home/tim/.cache/typescript/3.5/node_modules/@types/flush-write-stream/index.d.ts'
[13:44:45.200] Adding entry into typings cache: 'follow-redirects' => '/home/tim/.cache/typescript/3.5/node_modules/@types/follow-redirects/index.d.ts'
[13:44:45.201] Adding entry into typings cache: 'forever-agent' => '/home/tim/.cache/typescript/3.5/node_modules/@types/forever-agent/index.d.ts'
[13:44:45.201] Adding entry into typings cache: 'form-data' => '/home/tim/.cache/typescript/3.5/node_modules/@types/form-data/index.d.ts'
[13:44:45.202] Adding entry into typings cache: 'forwarded' => '/home/tim/.cache/typescript/3.5/node_modules/@types/forwarded/index.d.ts'
[13:44:45.202] Adding entry into typings cache: 'fresh' => '/home/tim/.cache/typescript/3.5/node_modules/@types/fresh/index.d.ts'
[13:44:45.203] Adding entry into typings cache: 'from2' => '/home/tim/.cache/typescript/3.5/node_modules/@types/from2/index.d.ts'
[13:44:45.203] Adding entry into typings cache: 'fs-extra' => '/home/tim/.cache/typescript/3.5/node_modules/@types/fs-extra/index.d.ts'
[13:44:45.204] Adding entry into typings cache: 'fsevents' => '/home/tim/.cache/typescript/3.5/node_modules/@types/fsevents/index.d.ts'
[13:44:45.204] Adding entry into typings cache: 'get-caller-file' => '/home/tim/.cache/typescript/3.5/node_modules/@types/get-caller-file/index.d.ts'
[13:44:45.205] Adding entry into typings cache: 'get-value' => '/home/tim/.cache/typescript/3.5/node_modules/@types/get-value/index.d.ts'
[13:44:45.206] Adding entry into typings cache: 'getpass' => '/home/tim/.cache/typescript/3.5/node_modules/@types/getpass/index.d.ts'
[13:44:45.207] Adding entry into typings cache: 'glob' => '/home/tim/.cache/typescript/3.5/node_modules/@types/glob/index.d.ts'
[13:44:45.207] Adding entry into typings cache: 'glob-base' => '/home/tim/.cache/typescript/3.5/node_modules/@types/glob-base/index.d.ts'
[13:44:45.208] Adding entry into typings cache: 'glob-parent' => '/home/tim/.cache/typescript/3.5/node_modules/@types/glob-parent/index.d.ts'
[13:44:45.209] Adding entry into typings cache: 'glob-to-regexp' => '/home/tim/.cache/typescript/3.5/node_modules/@types/glob-to-regexp/index.d.ts'
[13:44:45.209] Adding entry into typings cache: 'global-modules' => '/home/tim/.cache/typescript/3.5/node_modules/@types/global-modules/index.d.ts'
[13:44:45.210] Adding entry into typings cache: 'global-prefix' => '/home/tim/.cache/typescript/3.5/node_modules/@types/global-prefix/index.d.ts'
[13:44:45.210] Adding entry into typings cache: 'globule' => '/home/tim/.cache/typescript/3.5/node_modules/@types/globule/index.d.ts'
[13:44:45.211] Adding entry into typings cache: 'graceful-fs' => '/home/tim/.cache/typescript/3.5/node_modules/@types/graceful-fs/index.d.ts'
[13:44:45.212] Adding entry into typings cache: 'graphlib' => '/home/tim/.cache/typescript/3.5/node_modules/@types/graphlib/index.d.ts'
[13:44:45.213] Adding entry into typings cache: 'has-ansi' => '/home/tim/.cache/typescript/3.5/node_modules/@types/has-ansi/index.d.ts'
[13:44:45.213] Adding entry into typings cache: 'hash-sum' => '/home/tim/.cache/typescript/3.5/node_modules/@types/hash-sum/index.d.ts'
[13:44:45.214] Adding entry into typings cache: 'he' => '/home/tim/.cache/typescript/3.5/node_modules/@types/he/index.d.ts'
[13:44:45.215] Adding entry into typings cache: 'highlight.js' => '/home/tim/.cache/typescript/3.5/node_modules/@types/highlight.js/index.d.ts'
[13:44:45.215] Adding entry into typings cache: 'hoek' => '/home/tim/.cache/typescript/3.5/node_modules/@types/hoek/index.d.ts'
[13:44:45.216] Adding entry into typings cache: 'hoist-non-react-statics' => '/home/tim/.cache/typescript/3.5/node_modules/@types/hoist-non-react-statics/index.d.ts'
[13:44:45.217] Adding entry into typings cache: 'hosted-git-info' => '/home/tim/.cache/typescript/3.5/node_modules/@types/hosted-git-info/index.d.ts'
[13:44:45.218] Adding entry into typings cache: 'html-entities' => '/home/tim/.cache/typescript/3.5/node_modules/@types/html-entities/index.d.ts'
[13:44:45.218] Adding entry into typings cache: 'html-minifier' => '/home/tim/.cache/typescript/3.5/node_modules/@types/html-minifier/index.d.ts'
[13:44:45.219] Adding entry into typings cache: 'html-webpack-plugin' => '/home/tim/.cache/typescript/3.5/node_modules/@types/html-webpack-plugin/index.d.ts'
[13:44:45.219] Adding entry into typings cache: 'htmlparser2' => '/home/tim/.cache/typescript/3.5/node_modules/@types/htmlparser2/index.d.ts'
[13:44:45.220] Adding entry into typings cache: 'http-errors' => '/home/tim/.cache/typescript/3.5/node_modules/@types/http-errors/index.d.ts'
[13:44:45.221] Adding entry into typings cache: 'http-proxy' => '/home/tim/.cache/typescript/3.5/node_modules/@types/http-proxy/index.d.ts'
[13:44:45.221] Adding entry into typings cache: 'http-proxy-middleware' => '/home/tim/.cache/typescript/3.5/node_modules/@types/http-proxy-middleware/index.d.ts'
[13:44:45.222] Adding entry into typings cache: 'icss-utils' => '/home/tim/.cache/typescript/3.5/node_modules/@types/icss-utils/index.d.ts'
[13:44:45.222] Adding entry into typings cache: 'iferr' => '/home/tim/.cache/typescript/3.5/node_modules/@types/iferr/index.d.ts'
[13:44:45.223] Adding entry into typings cache: 'image-size' => '/home/tim/.cache/typescript/3.5/node_modules/@types/image-size/index.d.ts'
[13:44:45.223] Adding entry into typings cache: 'imurmurhash' => '/home/tim/.cache/typescript/3.5/node_modules/@types/imurmurhash/index.d.ts'
[13:44:45.224] Adding entry into typings cache: 'inherits' => '/home/tim/.cache/typescript/3.5/node_modules/@types/inherits/index.d.ts'
[13:44:45.225] Adding entry into typings cache: 'ini' => '/home/tim/.cache/typescript/3.5/node_modules/@types/ini/index.d.ts'
[13:44:45.225] Adding entry into typings cache: 'inquirer' => '/home/tim/.cache/typescript/3.5/node_modules/@types/inquirer/index.d.ts'
[13:44:45.226] Adding entry into typings cache: 'interpret' => '/home/tim/.cache/typescript/3.5/node_modules/@types/interpret/index.d.ts'
[13:44:45.226] Adding entry into typings cache: 'invariant' => '/home/tim/.cache/typescript/3.5/node_modules/@types/invariant/index.d.ts'
[13:44:45.227] Adding entry into typings cache: 'ip' => '/home/tim/.cache/typescript/3.5/node_modules/@types/ip/index.d.ts'
[13:44:45.227] Adding entry into typings cache: 'is-alphanumerical' => '/home/tim/.cache/typescript/3.5/node_modules/@types/is-alphanumerical/index.d.ts'
[13:44:45.228] Adding entry into typings cache: 'is-buffer' => '/home/tim/.cache/typescript/3.5/node_modules/@types/is-buffer/index.d.ts'
[13:44:45.229] Adding entry into typings cache: 'is-callable' => '/home/tim/.cache/typescript/3.5/node_modules/@types/is-callable/index.d.ts'
[13:44:45.230] Adding entry into typings cache: 'is-ci' => '/home/tim/.cache/typescript/3.5/node_modules/@types/is-ci/index.d.ts'
[13:44:45.230] Adding entry into typings cache: 'is-date-object' => '/home/tim/.cache/typescript/3.5/node_modules/@types/is-date-object/index.d.ts'
[13:44:45.231] Adding entry into typings cache: 'is-dotfile' => '/home/tim/.cache/typescript/3.5/node_modules/@types/is-dotfile/index.d.ts'
[13:44:45.231] Adding entry into typings cache: 'is-finite' => '/home/tim/.cache/typescript/3.5/node_modules/@types/is-finite/index.d.ts'
[13:44:45.232] Adding entry into typings cache: 'is-function' => '/home/tim/.cache/typescript/3.5/node_modules/@types/is-function/index.d.ts'
[13:44:45.233] Adding entry into typings cache: 'is-glob' => '/home/tim/.cache/typescript/3.5/node_modules/@types/is-glob/index.d.ts'
[13:44:45.234] Adding entry into typings cache: 'is-number' => '/home/tim/.cache/typescript/3.5/node_modules/@types/is-number/index.d.ts'
[13:44:45.235] Adding entry into typings cache: 'is-promise' => '/home/tim/.cache/typescript/3.5/node_modules/@types/is-promise/index.d.ts'
[13:44:45.236] Adding entry into typings cache: 'is-typedarray' => '/home/tim/.cache/typescript/3.5/node_modules/@types/is-typedarray/index.d.ts'
[13:44:45.236] Adding entry into typings cache: 'is-windows' => '/home/tim/.cache/typescript/3.5/node_modules/@types/is-windows/index.d.ts'
[13:44:45.237] Adding entry into typings cache: 'isarray' => '/home/tim/.cache/typescript/3.5/node_modules/@types/isarray/index.d.ts'
[13:44:45.238] Adding entry into typings cache: 'isexe' => '/home/tim/.cache/typescript/3.5/node_modules/@types/isexe/index.d.ts'
[13:44:45.238] Adding entry into typings cache: 'isomorphic-fetch' => '/home/tim/.cache/typescript/3.5/node_modules/@types/isomorphic-fetch/index.d.ts'
[13:44:45.239] Adding entry into typings cache: 'istanbul-lib-coverage' => '/home/tim/.cache/typescript/3.5/node_modules/@types/istanbul-lib-coverage/index.d.ts'
[13:44:45.239] Adding entry into typings cache: 'istanbul-lib-hook' => '/home/tim/.cache/typescript/3.5/node_modules/@types/istanbul-lib-hook/index.d.ts'
[13:44:45.240] Adding entry into typings cache: 'istanbul-lib-instrument' => '/home/tim/.cache/typescript/3.5/node_modules/@types/istanbul-lib-instrument/index.d.ts'
[13:44:45.240] Adding entry into typings cache: 'istanbul-lib-report' => '/home/tim/.cache/typescript/3.5/node_modules/@types/istanbul-lib-report/index.d.ts'
[13:44:45.241] Adding entry into typings cache: 'istanbul-lib-source-maps' => '/home/tim/.cache/typescript/3.5/node_modules/@types/istanbul-lib-source-maps/index.d.ts'
[13:44:45.241] Adding entry into typings cache: 'istanbul-reports' => '/home/tim/.cache/typescript/3.5/node_modules/@types/istanbul-reports/index.d.ts'
[13:44:45.242] Adding entry into typings cache: 'jest' => '/home/tim/.cache/typescript/3.5/node_modules/@types/jest/index.d.ts'
[13:44:45.242] Adding entry into typings cache: 'jest-diff' => '/home/tim/.cache/typescript/3.5/node_modules/@types/jest-diff/index.d.ts'
[13:44:45.243] Adding entry into typings cache: 'jest-docblock' => '/home/tim/.cache/typescript/3.5/node_modules/@types/jest-docblock/index.d.ts'
[13:44:45.243] Adding entry into typings cache: 'jest-each' => '/home/tim/.cache/typescript/3.5/node_modules/@types/jest-each/index.d.ts'
[13:44:45.244] Adding entry into typings cache: 'jest-get-type' => '/home/tim/.cache/typescript/3.5/node_modules/@types/jest-get-type/index.d.ts'
[13:44:45.244] Adding entry into typings cache: 'jest-matcher-utils' => '/home/tim/.cache/typescript/3.5/node_modules/@types/jest-matcher-utils/index.d.ts'
[13:44:45.245] Adding entry into typings cache: 'jest-validate' => '/home/tim/.cache/typescript/3.5/node_modules/@types/jest-validate/index.d.ts'
[13:44:45.245] Adding entry into typings cache: 'joi' => '/home/tim/.cache/typescript/3.5/node_modules/@types/joi/index.d.ts'
[13:44:45.246] Adding entry into typings cache: 'js-base64' => '/home/tim/.cache/typescript/3.5/node_modules/@types/js-base64/index.d.ts'
[13:44:45.246] Adding entry into typings cache: 'js-beautify' => '/home/tim/.cache/typescript/3.5/node_modules/@types/js-beautify/index.d.ts'
[13:44:45.247] Adding entry into typings cache: 'js-levenshtein' => '/home/tim/.cache/typescript/3.5/node_modules/@types/js-levenshtein/index.d.ts'
[13:44:45.248] Adding entry into typings cache: 'js-yaml' => '/home/tim/.cache/typescript/3.5/node_modules/@types/js-yaml/index.d.ts'
[13:44:45.248] Adding entry into typings cache: 'jsbn' => '/home/tim/.cache/typescript/3.5/node_modules/@types/jsbn/index.d.ts'
[13:44:45.249] Adding entry into typings cache: 'jsdom' => '/home/tim/.cache/typescript/3.5/node_modules/@types/jsdom/ts3.1/index.d.ts'
[13:44:45.249] Adding entry into typings cache: 'jsesc' => '/home/tim/.cache/typescript/3.5/node_modules/@types/jsesc/index.d.ts'
[13:44:45.250] Adding entry into typings cache: 'json-parse-better-errors' => '/home/tim/.cache/typescript/3.5/node_modules/@types/json-parse-better-errors/index.d.ts'
[13:44:45.250] Adding entry into typings cache: 'json-schema' => '/home/tim/.cache/typescript/3.5/node_modules/@types/json-schema/index.d.ts'
[13:44:45.251] Adding entry into typings cache: 'json-stable-stringify' => '/home/tim/.cache/typescript/3.5/node_modules/@types/json-stable-stringify/index.d.ts'
[13:44:45.251] Adding entry into typings cache: 'json-stringify-safe' => '/home/tim/.cache/typescript/3.5/node_modules/@types/json-stringify-safe/index.d.ts'
[13:44:45.252] Adding entry into typings cache: 'json3' => '/home/tim/.cache/typescript/3.5/node_modules/@types/json3/index.d.ts'
[13:44:45.252] Adding entry into typings cache: 'json5' => '/home/tim/.cache/typescript/3.5/node_modules/@types/json5/index.d.ts'
[13:44:45.253] Adding entry into typings cache: 'jsonfile' => '/home/tim/.cache/typescript/3.5/node_modules/@types/jsonfile/index.d.ts'
[13:44:45.254] Adding entry into typings cache: 'kind-of' => '/home/tim/.cache/typescript/3.5/node_modules/@types/kind-of/index.d.ts'
[13:44:45.255] Adding entry into typings cache: 'klaw' => '/home/tim/.cache/typescript/3.5/node_modules/@types/klaw/index.d.ts'
[13:44:45.255] Adding entry into typings cache: 'loader-runner' => '/home/tim/.cache/typescript/3.5/node_modules/@types/loader-runner/index.d.ts'
[13:44:45.256] Adding entry into typings cache: 'loader-utils' => '/home/tim/.cache/typescript/3.5/node_modules/@types/loader-utils/index.d.ts'
[13:44:45.257] Adding entry into typings cache: 'lodash' => '/home/tim/.cache/typescript/3.5/node_modules/@types/lodash/ts3.1/index.d.ts'
[13:44:45.258] Adding entry into typings cache: 'lodash-es' => '/home/tim/.cache/typescript/3.5/node_modules/@types/lodash-es/index.d.ts'
[13:44:45.258] Adding entry into typings cache: 'lodash.camelcase' => '/home/tim/.cache/typescript/3.5/node_modules/@types/lodash.camelcase/index.d.ts'
[13:44:45.259] Adding entry into typings cache: 'lodash.debounce' => '/home/tim/.cache/typescript/3.5/node_modules/@types/lodash.debounce/index.d.ts'
[13:44:45.260] Adding entry into typings cache: 'lodash.defaultsdeep' => '/home/tim/.cache/typescript/3.5/node_modules/@types/lodash.defaultsdeep/index.d.ts'
[13:44:45.261] Adding entry into typings cache: 'lodash.difference' => '/home/tim/.cache/typescript/3.5/node_modules/@types/lodash.difference/index.d.ts'
[13:44:45.262] Adding entry into typings cache: 'lodash.get' => '/home/tim/.cache/typescript/3.5/node_modules/@types/lodash.get/index.d.ts'
[13:44:45.264] Adding entry into typings cache: 'lodash.isplainobject' => '/home/tim/.cache/typescript/3.5/node_modules/@types/lodash.isplainobject/index.d.ts'
[13:44:45.265] Adding entry into typings cache: 'lodash.kebabcase' => '/home/tim/.cache/typescript/3.5/node_modules/@types/lodash.kebabcase/index.d.ts'
[13:44:45.266] Adding entry into typings cache: 'lodash.mapvalues' => '/home/tim/.cache/typescript/3.5/node_modules/@types/lodash.mapvalues/index.d.ts'
[13:44:45.267] Adding entry into typings cache: 'lodash.memoize' => '/home/tim/.cache/typescript/3.5/node_modules/@types/lodash.memoize/index.d.ts'
[13:44:45.267] Adding entry into typings cache: 'lodash.pad' => '/home/tim/.cache/typescript/3.5/node_modules/@types/lodash.pad/index.d.ts'
[13:44:45.268] Adding entry into typings cache: 'lodash.padend' => '/home/tim/.cache/typescript/3.5/node_modules/@types/lodash.padend/index.d.ts'
[13:44:45.269] Adding entry into typings cache: 'lodash.padstart' => '/home/tim/.cache/typescript/3.5/node_modules/@types/lodash.padstart/index.d.ts'
[13:44:45.270] Adding entry into typings cache: 'lodash.some' => '/home/tim/.cache/typescript/3.5/node_modules/@types/lodash.some/index.d.ts'
[13:44:45.271] Adding entry into typings cache: 'lodash.sortby' => '/home/tim/.cache/typescript/3.5/node_modules/@types/lodash.sortby/index.d.ts'
[13:44:45.272] Adding entry into typings cache: 'lodash.tail' => '/home/tim/.cache/typescript/3.5/node_modules/@types/lodash.tail/index.d.ts'
[13:44:45.274] Adding entry into typings cache: 'lodash.template' => '/home/tim/.cache/typescript/3.5/node_modules/@types/lodash.template/index.d.ts'
[13:44:45.275] Adding entry into typings cache: 'lodash.throttle' => '/home/tim/.cache/typescript/3.5/node_modules/@types/lodash.throttle/index.d.ts'
[13:44:45.276] Adding entry into typings cache: 'lodash.transform' => '/home/tim/.cache/typescript/3.5/node_modules/@types/lodash.transform/index.d.ts'
[13:44:45.277] Adding entry into typings cache: 'lodash.uniq' => '/home/tim/.cache/typescript/3.5/node_modules/@types/lodash.uniq/index.d.ts'
[13:44:45.278] Adding entry into typings cache: 'loglevel' => '/home/tim/.cache/typescript/3.5/node_modules/loglevel/index.d.ts'
[13:44:45.278] Adding entry into typings cache: 'lowlight' => '/home/tim/.cache/typescript/3.5/node_modules/@types/lowlight/index.d.ts'
[13:44:45.279] Adding entry into typings cache: 'lru-cache' => '/home/tim/.cache/typescript/3.5/node_modules/@types/lru-cache/index.d.ts'
[13:44:45.281] Adding entry into typings cache: 'map-obj' => '/home/tim/.cache/typescript/3.5/node_modules/@types/map-obj/index.d.ts'
[13:44:45.282] Adding entry into typings cache: 'markdown-to-jsx' => '/home/tim/.cache/typescript/3.5/node_modules/@types/markdown-to-jsx/index.d.ts'
[13:44:45.282] Adding entry into typings cache: 'marked' => '/home/tim/.cache/typescript/3.5/node_modules/@types/marked/index.d.ts'
[13:44:45.283] Adding entry into typings cache: 'media-typer' => '/home/tim/.cache/typescript/3.5/node_modules/@types/media-typer/index.d.ts'
[13:44:45.284] Adding entry into typings cache: 'memory-fs' => '/home/tim/.cache/typescript/3.5/node_modules/@types/memory-fs/index.d.ts'
[13:44:45.285] Adding entry into typings cache: 'meow' => '/home/tim/.cache/typescript/3.5/node_modules/@types/meow/index.d.ts'
[13:44:45.286] Adding entry into typings cache: 'merge-descriptors' => '/home/tim/.cache/typescript/3.5/node_modules/@types/merge-descriptors/index.d.ts'
[13:44:45.287] Adding entry into typings cache: 'merge-stream' => '/home/tim/.cache/typescript/3.5/node_modules/@types/merge-stream/index.d.ts'
[13:44:45.287] Adding entry into typings cache: 'merge2' => '/home/tim/.cache/typescript/3.5/node_modules/@types/merge2/index.d.ts'
[13:44:45.288] Adding entry into typings cache: 'methods' => '/home/tim/.cache/typescript/3.5/node_modules/@types/methods/index.d.ts'
[13:44:45.292] Adding entry into typings cache: 'micromatch' => '/home/tim/.cache/typescript/3.5/node_modules/@types/micromatch/index.d.ts'
[13:44:45.293] Adding entry into typings cache: 'mime' => '/home/tim/.cache/typescript/3.5/node_modules/@types/mime/index.d.ts'
[13:44:45.293] Adding entry into typings cache: 'mime-db' => '/home/tim/.cache/typescript/3.5/node_modules/@types/mime-db/index.d.ts'
[13:44:45.294] Adding entry into typings cache: 'mime-types' => '/home/tim/.cache/typescript/3.5/node_modules/@types/mime-types/index.d.ts'
[13:44:45.295] Adding entry into typings cache: 'min-document' => '/home/tim/.cache/typescript/3.5/node_modules/@types/min-document/index.d.ts'
[13:44:45.296] Adding entry into typings cache: 'mini-css-extract-plugin' => '/home/tim/.cache/typescript/3.5/node_modules/@types/mini-css-extract-plugin/index.d.ts'
[13:44:45.297] Adding entry into typings cache: 'minimatch' => '/home/tim/.cache/typescript/3.5/node_modules/@types/minimatch/index.d.ts'
[13:44:45.297] Adding entry into typings cache: 'minimist' => '/home/tim/.cache/typescript/3.5/node_modules/@types/minimist/index.d.ts'
[13:44:45.298] Adding entry into typings cache: 'mkdirp' => '/home/tim/.cache/typescript/3.5/node_modules/@types/mkdirp/index.d.ts'
[13:44:45.298] Adding entry into typings cache: 'mousetrap' => '/home/tim/.cache/typescript/3.5/node_modules/@types/mousetrap/index.d.ts'
[13:44:45.299] Adding entry into typings cache: 'move-concurrently' => '/home/tim/.cache/typescript/3.5/node_modules/@types/move-concurrently/index.d.ts'
[13:44:45.299] Adding entry into typings cache: 'ms' => '/home/tim/.cache/typescript/3.5/node_modules/@types/ms/index.d.ts'
[13:44:45.300] Adding entry into typings cache: 'mz' => '/home/tim/.cache/typescript/3.5/node_modules/@types/mz/index.d.ts'
[13:44:45.300] Adding entry into typings cache: 'natural-compare' => '/home/tim/.cache/typescript/3.5/node_modules/@types/natural-compare/index.d.ts'
[13:44:45.301] Adding entry into typings cache: 'negotiator' => '/home/tim/.cache/typescript/3.5/node_modules/@types/negotiator/index.d.ts'
[13:44:45.301] Adding entry into typings cache: 'node-fetch' => '/home/tim/.cache/typescript/3.5/node_modules/@types/node-fetch/index.d.ts'
[13:44:45.302] Adding entry into typings cache: 'node-forge' => '/home/tim/.cache/typescript/3.5/node_modules/@types/node-forge/index.d.ts'
[13:44:45.302] Adding entry into typings cache: 'node-int64' => '/home/tim/.cache/typescript/3.5/node_modules/@types/node-int64/index.d.ts'
[13:44:45.303] Adding entry into typings cache: 'node-ipc' => '/home/tim/.cache/typescript/3.5/node_modules/@types/node-ipc/index.d.ts'
[13:44:45.303] Adding entry into typings cache: 'node-notifier' => '/home/tim/.cache/typescript/3.5/node_modules/@types/node-notifier/index.d.ts'
[13:44:45.304] Adding entry into typings cache: 'node-sass' => '/home/tim/.cache/typescript/3.5/node_modules/@types/node-sass/index.d.ts'
[13:44:45.304] Adding entry into typings cache: 'nopt' => '/home/tim/.cache/typescript/3.5/node_modules/@types/nopt/index.d.ts'
[13:44:45.305] Adding entry into typings cache: 'normalize-package-data' => '/home/tim/.cache/typescript/3.5/node_modules/@types/normalize-package-data/index.d.ts'
[13:44:45.305] Adding entry into typings cache: 'normalize-path' => '/home/tim/.cache/typescript/3.5/node_modules/@types/normalize-path/index.d.ts'
[13:44:45.306] Adding entry into typings cache: 'npmlog' => '/home/tim/.cache/typescript/3.5/node_modules/@types/npmlog/index.d.ts'
[13:44:45.306] Adding entry into typings cache: 'number-is-nan' => '/home/tim/.cache/typescript/3.5/node_modules/@types/number-is-nan/index.d.ts'
[13:44:45.307] Adding entry into typings cache: 'object-assign' => '/home/tim/.cache/typescript/3.5/node_modules/@types/object-assign/index.d.ts'
[13:44:45.307] Adding entry into typings cache: 'object-hash' => '/home/tim/.cache/typescript/3.5/node_modules/@types/object-hash/index.d.ts'
[13:44:45.308] Adding entry into typings cache: 'object-keys' => '/home/tim/.cache/typescript/3.5/node_modules/@types/object-keys/index.d.ts'
[13:44:45.309] Adding entry into typings cache: 'object.getownpropertydescriptors' => '/home/tim/.cache/typescript/3.5/node_modules/@types/object.getownpropertydescriptors/index.d.ts'
[13:44:45.309] Adding entry into typings cache: 'object.omit' => '/home/tim/.cache/typescript/3.5/node_modules/@types/object.omit/index.d.ts'
[13:44:45.310] Adding entry into typings cache: 'object.pick' => '/home/tim/.cache/typescript/3.5/node_modules/@types/object.pick/index.d.ts'
[13:44:45.311] Adding entry into typings cache: 'on-finished' => '/home/tim/.cache/typescript/3.5/node_modules/@types/on-finished/index.d.ts'
[13:44:45.311] Adding entry into typings cache: 'on-headers' => '/home/tim/.cache/typescript/3.5/node_modules/@types/on-headers/index.d.ts'
[13:44:45.312] Adding entry into typings cache: 'once' => '/home/tim/.cache/typescript/3.5/node_modules/@types/once/index.d.ts'
[13:44:45.313] Adding entry into typings cache: 'onetime' => '/home/tim/.cache/typescript/3.5/node_modules/@types/onetime/index.d.ts'
[13:44:45.313] Adding entry into typings cache: 'open' => '/home/tim/.cache/typescript/3.5/node_modules/@types/open/index.d.ts'
[13:44:45.313] Adding entry into typings cache: 'opener' => '/home/tim/.cache/typescript/3.5/node_modules/@types/opener/index.d.ts'
[13:44:45.314] Adding entry into typings cache: 'optimist' => '/home/tim/.cache/typescript/3.5/node_modules/@types/optimist/index.d.ts'
[13:44:45.314] Adding entry into typings cache: 'original' => '/home/tim/.cache/typescript/3.5/node_modules/@types/original/index.d.ts'
[13:44:45.315] Adding entry into typings cache: 'os-homedir' => '/home/tim/.cache/typescript/3.5/node_modules/@types/os-homedir/index.d.ts'
[13:44:45.316] Adding entry into typings cache: 'os-locale' => '/home/tim/.cache/typescript/3.5/node_modules/@types/os-locale/index.d.ts'
[13:44:45.316] Adding entry into typings cache: 'os-tmpdir' => '/home/tim/.cache/typescript/3.5/node_modules/@types/os-tmpdir/index.d.ts'
[13:44:45.317] Adding entry into typings cache: 'osenv' => '/home/tim/.cache/typescript/3.5/node_modules/@types/osenv/index.d.ts'
[13:44:45.317] Adding entry into typings cache: 'pako' => '/home/tim/.cache/typescript/3.5/node_modules/@types/pako/index.d.ts'
[13:44:45.317] Adding entry into typings cache: 'parallel-transform' => '/home/tim/.cache/typescript/3.5/node_modules/@types/parallel-transform/index.d.ts'
[13:44:45.318] Adding entry into typings cache: 'parse-glob' => '/home/tim/.cache/typescript/3.5/node_modules/@types/parse-glob/index.d.ts'
[13:44:45.318] Adding entry into typings cache: 'parse-json' => '/home/tim/.cache/typescript/3.5/node_modules/@types/parse-json/index.d.ts'
[13:44:45.319] Adding entry into typings cache: 'parse5' => '/home/tim/.cache/typescript/3.5/node_modules/parse5/lib/index.d.ts'
[13:44:45.319] Adding entry into typings cache: 'parseurl' => '/home/tim/.cache/typescript/3.5/node_modules/@types/parseurl/index.d.ts'
[13:44:45.320] Adding entry into typings cache: 'path-exists' => '/home/tim/.cache/typescript/3.5/node_modules/@types/path-exists/index.d.ts'
[13:44:45.321] Adding entry into typings cache: 'path-is-absolute' => '/home/tim/.cache/typescript/3.5/node_modules/@types/path-is-absolute/index.d.ts'
[13:44:45.322] Adding entry into typings cache: 'path-is-inside' => '/home/tim/.cache/typescript/3.5/node_modules/@types/path-is-inside/index.d.ts'
[13:44:45.322] Adding entry into typings cache: 'path-parse' => '/home/tim/.cache/typescript/3.5/node_modules/@types/path-parse/index.d.ts'
[13:44:45.323] Adding entry into typings cache: 'pbkdf2' => '/home/tim/.cache/typescript/3.5/node_modules/@types/pbkdf2/index.d.ts'
[13:44:45.324] Adding entry into typings cache: 'pify' => '/home/tim/.cache/typescript/3.5/node_modules/@types/pify/index.d.ts'
[13:44:45.324] Adding entry into typings cache: 'pluralize' => '/home/tim/.cache/typescript/3.5/node_modules/@types/pluralize/index.d.ts'
[13:44:45.325] Adding entry into typings cache: 'postcss-calc' => '/home/tim/.cache/typescript/3.5/node_modules/@types/postcss-calc/index.d.ts'
[13:44:45.326] Adding entry into typings cache: 'postcss-load-config' => '/home/tim/.cache/typescript/3.5/node_modules/@types/postcss-load-config/index.d.ts'
[13:44:45.326] Adding entry into typings cache: 'postcss-modules-extract-imports' => '/home/tim/.cache/typescript/3.5/node_modules/@types/postcss-modules-extract-imports/index.d.ts'
[13:44:45.327] Adding entry into typings cache: 'postcss-modules-local-by-default' => '/home/tim/.cache/typescript/3.5/node_modules/@types/postcss-modules-local-by-default/index.d.ts'
[13:44:45.328] Adding entry into typings cache: 'postcss-modules-scope' => '/home/tim/.cache/typescript/3.5/node_modules/@types/postcss-modules-scope/index.d.ts'
[13:44:45.329] Adding entry into typings cache: 'postcss-modules-values' => '/home/tim/.cache/typescript/3.5/node_modules/@types/postcss-modules-values/index.d.ts'
[13:44:45.330] Adding entry into typings cache: 'prelude-ls' => '/home/tim/.cache/typescript/3.5/node_modules/@types/prelude-ls/index.d.ts'
[13:44:45.330] Adding entry into typings cache: 'prettier' => '/home/tim/.cache/typescript/3.5/node_modules/@types/prettier/index.d.ts'
[13:44:45.334] Adding entry into typings cache: 'pretty' => '/home/tim/.cache/typescript/3.5/node_modules/@types/pretty/index.d.ts'
[13:44:45.335] Adding entry into typings cache: 'pretty-bytes' => '/home/tim/.cache/typescript/3.5/node_modules/@types/pretty-bytes/index.d.ts'
[13:44:45.336] Adding entry into typings cache: 'pretty-format' => '/home/tim/.cache/typescript/3.5/node_modules/@types/pretty-format/index.d.ts'
[13:44:45.336] Adding entry into typings cache: 'pretty-hrtime' => '/home/tim/.cache/typescript/3.5/node_modules/@types/pretty-hrtime/index.d.ts'
[13:44:45.337] Adding entry into typings cache: 'prismjs' => '/home/tim/.cache/typescript/3.5/node_modules/@types/prismjs/index.d.ts'
[13:44:45.337] Adding entry into typings cache: 'progress' => '/home/tim/.cache/typescript/3.5/node_modules/@types/progress/index.d.ts'
[13:44:45.338] Adding entry into typings cache: 'promise-polyfill' => '/home/tim/.cache/typescript/3.5/node_modules/@types/promise-polyfill/index.d.ts'
[13:44:45.339] Adding entry into typings cache: 'promise.prototype.finally' => '/home/tim/.cache/typescript/3.5/node_modules/@types/promise.prototype.finally/index.d.ts'
[13:44:45.339] Adding entry into typings cache: 'prompts' => '/home/tim/.cache/typescript/3.5/node_modules/@types/prompts/index.d.ts'
[13:44:45.340] Adding entry into typings cache: 'prop-types' => '/home/tim/.cache/typescript/3.5/node_modules/@types/prop-types/index.d.ts'
[13:44:45.340] Adding entry into typings cache: 'proxy-addr' => '/home/tim/.cache/typescript/3.5/node_modules/@types/proxy-addr/index.d.ts'
[13:44:45.341] Adding entry into typings cache: 'proxy-from-env' => '/home/tim/.cache/typescript/3.5/node_modules/@types/proxy-from-env/index.d.ts'
[13:44:45.341] Adding entry into typings cache: 'psl' => '/home/tim/.cache/typescript/3.5/node_modules/@types/psl/index.d.ts'
[13:44:45.342] Adding entry into typings cache: 'pug' => '/home/tim/.cache/typescript/3.5/node_modules/@types/pug/index.d.ts'
[13:44:45.343] Adding entry into typings cache: 'pump' => '/home/tim/.cache/typescript/3.5/node_modules/@types/pump/index.d.ts'
[13:44:45.343] Adding entry into typings cache: 'pumpify' => '/home/tim/.cache/typescript/3.5/node_modules/@types/pumpify/index.d.ts'
[13:44:45.344] Adding entry into typings cache: 'punycode' => '/home/tim/.cache/typescript/3.5/node_modules/@types/punycode/index.d.ts'
[13:44:45.345] Adding entry into typings cache: 'q' => '/home/tim/.cache/typescript/3.5/node_modules/@types/q/index.d.ts'
[13:44:45.346] Adding entry into typings cache: 'qs' => '/home/tim/.cache/typescript/3.5/node_modules/@types/qs/index.d.ts'
[13:44:45.346] Adding entry into typings cache: 'querystringify' => '/home/tim/.cache/typescript/3.5/node_modules/@types/querystringify/index.d.ts'
[13:44:45.347] Adding entry into typings cache: 'ramda' => '/home/tim/.cache/typescript/3.5/node_modules/@types/ramda/index.d.ts'
[13:44:45.347] Adding entry into typings cache: 'randombytes' => '/home/tim/.cache/typescript/3.5/node_modules/@types/randombytes/index.d.ts'
[13:44:45.348] Adding entry into typings cache: 'range-parser' => '/home/tim/.cache/typescript/3.5/node_modules/@types/range-parser/index.d.ts'
[13:44:45.349] Adding entry into typings cache: 'react' => '/home/tim/.cache/typescript/3.5/node_modules/@types/react/index.d.ts'
[13:44:45.349] Adding entry into typings cache: 'react-dev-utils' => '/home/tim/.cache/typescript/3.5/node_modules/@types/react-dev-utils/index.d.ts'
[13:44:45.351] Adding entry into typings cache: 'react-dom' => '/home/tim/.cache/typescript/3.5/node_modules/@types/react-dom/index.d.ts'
[13:44:45.352] Adding entry into typings cache: 'react-helmet' => '/home/tim/.cache/typescript/3.5/node_modules/@types/react-helmet/index.d.ts'
[13:44:45.354] Adding entry into typings cache: 'react-is' => '/home/tim/.cache/typescript/3.5/node_modules/@types/react-is/index.d.ts'
[13:44:45.354] Adding entry into typings cache: 'react-lifecycles-compat' => '/home/tim/.cache/typescript/3.5/node_modules/@types/react-lifecycles-compat/index.d.ts'
[13:44:45.355] Adding entry into typings cache: 'react-resize-detector' => '/home/tim/.cache/typescript/3.5/node_modules/@types/react-resize-detector/index.d.ts'
[13:44:45.356] Adding entry into typings cache: 'react-syntax-highlighter' => '/home/tim/.cache/typescript/3.5/node_modules/@types/react-syntax-highlighter/index.d.ts'
[13:44:45.357] Adding entry into typings cache: 'react-textarea-autosize' => '/home/tim/.cache/typescript/3.5/node_modules/@types/react-textarea-autosize/index.d.ts'
[13:44:45.358] Adding entry into typings cache: 'read-pkg' => '/home/tim/.cache/typescript/3.5/node_modules/@types/read-pkg/index.d.ts'
[13:44:45.358] Adding entry into typings cache: 'read-pkg-up' => '/home/tim/.cache/typescript/3.5/node_modules/@types/read-pkg-up/index.d.ts'
[13:44:45.359] Adding entry into typings cache: 'readable-stream' => '/home/tim/.cache/typescript/3.5/node_modules/@types/readable-stream/index.d.ts'
[13:44:45.360] Adding entry into typings cache: 'rechoir' => '/home/tim/.cache/typescript/3.5/node_modules/@types/rechoir/index.d.ts'
[13:44:45.360] Adding entry into typings cache: 'recompose' => '/home/tim/.cache/typescript/3.5/node_modules/@types/recompose/index.d.ts'
[13:44:45.360] Adding entry into typings cache: 'recursive-readdir' => '/home/tim/.cache/typescript/3.5/node_modules/@types/recursive-readdir/index.d.ts'
[13:44:45.361] Adding entry into typings cache: 'redent' => '/home/tim/.cache/typescript/3.5/node_modules/@types/redent/index.d.ts'
[13:44:45.361] Adding entry into typings cache: 'refractor' => '/home/tim/.cache/typescript/3.5/node_modules/@types/refractor/index.d.ts'
[13:44:45.362] Adding entry into typings cache: 'relateurl' => '/home/tim/.cache/typescript/3.5/node_modules/@types/relateurl/index.d.ts'
[13:44:45.363] Adding entry into typings cache: 'repeat-element' => '/home/tim/.cache/typescript/3.5/node_modules/@types/repeat-element/index.d.ts'
[13:44:45.364] Adding entry into typings cache: 'repeat-string' => '/home/tim/.cache/typescript/3.5/node_modules/@types/repeat-string/index.d.ts'
[13:44:45.364] Adding entry into typings cache: 'repeating' => '/home/tim/.cache/typescript/3.5/node_modules/@types/repeating/index.d.ts'
[13:44:45.365] Adding entry into typings cache: 'request' => '/home/tim/.cache/typescript/3.5/node_modules/@types/request/index.d.ts'
[13:44:45.366] Adding entry into typings cache: 'request-promise-native' => '/home/tim/.cache/typescript/3.5/node_modules/@types/request-promise-native/index.d.ts'
[13:44:45.366] Adding entry into typings cache: 'require-directory' => '/home/tim/.cache/typescript/3.5/node_modules/@types/require-directory/index.d.ts'
[13:44:45.367] Adding entry into typings cache: 'requires-port' => '/home/tim/.cache/typescript/3.5/node_modules/@types/requires-port/index.d.ts'
[13:44:45.367] Adding entry into typings cache: 'resolve' => '/home/tim/.cache/typescript/3.5/node_modules/@types/resolve/index.d.ts'
[13:44:45.368] Adding entry into typings cache: 'resolve-cwd' => '/home/tim/.cache/typescript/3.5/node_modules/@types/resolve-cwd/index.d.ts'
[13:44:45.368] Adding entry into typings cache: 'restore-cursor' => '/home/tim/.cache/typescript/3.5/node_modules/@types/restore-cursor/index.d.ts'
[13:44:45.369] Adding entry into typings cache: 'retry' => '/home/tim/.cache/typescript/3.5/node_modules/@types/retry/index.d.ts'
[13:44:45.370] Adding entry into typings cache: 'right-align' => '/home/tim/.cache/typescript/3.5/node_modules/@types/right-align/index.d.ts'
[13:44:45.370] Adding entry into typings cache: 'rimraf' => '/home/tim/.cache/typescript/3.5/node_modules/@types/rimraf/index.d.ts'
[13:44:45.371] Adding entry into typings cache: 'ripemd160' => '/home/tim/.cache/typescript/3.5/node_modules/@types/ripemd160/index.d.ts'
[13:44:45.371] Adding entry into typings cache: 'rsvp' => '/home/tim/.cache/typescript/3.5/node_modules/@types/rsvp/index.d.ts'
[13:44:45.371] Adding entry into typings cache: 'rx-lite' => '/home/tim/.cache/typescript/3.5/node_modules/@types/rx-lite/index.d.ts'
[13:44:45.372] Adding entry into typings cache: 'rx-lite-aggregates' => '/home/tim/.cache/typescript/3.5/node_modules/@types/rx-lite-aggregates/index.d.ts'
[13:44:45.373] Adding entry into typings cache: 'safe-regex' => '/home/tim/.cache/typescript/3.5/node_modules/@types/safe-regex/index.d.ts'
[13:44:45.373] Adding entry into typings cache: 'sane' => '/home/tim/.cache/typescript/3.5/node_modules/@types/sane/index.d.ts'
[13:44:45.374] Adding entry into typings cache: 'sass' => '/home/tim/.cache/typescript/3.5/node_modules/@types/sass/index.d.ts'
[13:44:45.374] Adding entry into typings cache: 'sass-graph' => '/home/tim/.cache/typescript/3.5/node_modules/@types/sass-graph/index.d.ts'
[13:44:45.375] Adding entry into typings cache: 'sax' => '/home/tim/.cache/typescript/3.5/node_modules/@types/sax/index.d.ts'
[13:44:45.375] Adding entry into typings cache: 'scheduler' => '/home/tim/.cache/typescript/3.5/node_modules/@types/scheduler/index.d.ts'
[13:44:45.376] Adding entry into typings cache: 'semver' => '/home/tim/.cache/typescript/3.5/node_modules/@types/semver/index.d.ts'
[13:44:45.376] Adding entry into typings cache: 'send' => '/home/tim/.cache/typescript/3.5/node_modules/@types/send/index.d.ts'
[13:44:45.377] Adding entry into typings cache: 'serialize-javascript' => '/home/tim/.cache/typescript/3.5/node_modules/@types/serialize-javascript/index.d.ts'
[13:44:45.377] Adding entry into typings cache: 'serve-favicon' => '/home/tim/.cache/typescript/3.5/node_modules/@types/serve-favicon/index.d.ts'
[13:44:45.377] Adding entry into typings cache: 'serve-index' => '/home/tim/.cache/typescript/3.5/node_modules/@types/serve-index/index.d.ts'
[13:44:45.378] Adding entry into typings cache: 'serve-static' => '/home/tim/.cache/typescript/3.5/node_modules/@types/serve-static/index.d.ts'
[13:44:45.379] Adding entry into typings cache: 'set-value' => '/home/tim/.cache/typescript/3.5/node_modules/@types/set-value/index.d.ts'
[13:44:45.379] Adding entry into typings cache: 'sha.js' => '/home/tim/.cache/typescript/3.5/node_modules/@types/sha.js/index.d.ts'
[13:44:45.380] Adding entry into typings cache: 'shallowequal' => '/home/tim/.cache/typescript/3.5/node_modules/@types/shallowequal/index.d.ts'
[13:44:45.380] Adding entry into typings cache: 'shebang-command' => '/home/tim/.cache/typescript/3.5/node_modules/@types/shebang-command/index.d.ts'
[13:44:45.381] Adding entry into typings cache: 'shebang-regex' => '/home/tim/.cache/typescript/3.5/node_modules/@types/shebang-regex/index.d.ts'
[13:44:45.382] Adding entry into typings cache: 'shell-quote' => '/home/tim/.cache/typescript/3.5/node_modules/@types/shell-quote/index.d.ts'
[13:44:45.382] Adding entry into typings cache: 'shelljs' => '/home/tim/.cache/typescript/3.5/node_modules/@types/shelljs/index.d.ts'
[13:44:45.382] Adding entry into typings cache: 'sigmund' => '/home/tim/.cache/typescript/3.5/node_modules/@types/sigmund/index.d.ts'
[13:44:45.383] Adding entry into typings cache: 'signal-exit' => '/home/tim/.cache/typescript/3.5/node_modules/@types/signal-exit/index.d.ts'
[13:44:45.383] Adding entry into typings cache: 'simplebar' => '/home/tim/.cache/typescript/3.5/node_modules/@types/simplebar/index.d.ts'
[13:44:45.384] Adding entry into typings cache: 'slash' => '/home/tim/.cache/typescript/3.5/node_modules/@types/slash/index.d.ts'
[13:44:45.384] Adding entry into typings cache: 'slice-ansi' => '/home/tim/.cache/typescript/3.5/node_modules/@types/slice-ansi/index.d.ts'
[13:44:45.385] Adding entry into typings cache: 'sockjs' => '/home/tim/.cache/typescript/3.5/node_modules/@types/sockjs/index.d.ts'
[13:44:45.385] Adding entry into typings cache: 'sockjs-client' => '/home/tim/.cache/typescript/3.5/node_modules/@types/sockjs-client/index.d.ts'
[13:44:45.386] Adding entry into typings cache: 'source-list-map' => '/home/tim/.cache/typescript/3.5/node_modules/@types/source-list-map/index.d.ts'
[13:44:45.387] Adding entry into typings cache: 'source-map-support' => '/home/tim/.cache/typescript/3.5/node_modules/@types/source-map-support/index.d.ts'
[13:44:45.388] Adding entry into typings cache: 'spdx-correct' => '/home/tim/.cache/typescript/3.5/node_modules/@types/spdx-correct/index.d.ts'
[13:44:45.389] Adding entry into typings cache: 'spdy' => '/home/tim/.cache/typescript/3.5/node_modules/@types/spdy/index.d.ts'
[13:44:45.389] Adding entry into typings cache: 'sprintf' => '/home/tim/.cache/typescript/3.5/node_modules/@types/sprintf/index.d.ts'
[13:44:45.390] Adding entry into typings cache: 'sprintf-js' => '/home/tim/.cache/typescript/3.5/node_modules/@types/sprintf-js/index.d.ts'
[13:44:45.390] Adding entry into typings cache: 'sshpk' => '/home/tim/.cache/typescript/3.5/node_modules/@types/sshpk/index.d.ts'
[13:44:45.391] Adding entry into typings cache: 'ssri' => '/home/tim/.cache/typescript/3.5/node_modules/@types/ssri/index.d.ts'
[13:44:45.391] Adding entry into typings cache: 'stack-utils' => '/home/tim/.cache/typescript/3.5/node_modules/@types/stack-utils/index.d.ts'
[13:44:45.392] Adding entry into typings cache: 'statuses' => '/home/tim/.cache/typescript/3.5/node_modules/@types/statuses/index.d.ts'
[13:44:45.393] Adding entry into typings cache: 'stream-each' => '/home/tim/.cache/typescript/3.5/node_modules/@types/stream-each/index.d.ts'
[13:44:45.393] Adding entry into typings cache: 'stream-shift' => '/home/tim/.cache/typescript/3.5/node_modules/@types/stream-shift/index.d.ts'
[13:44:45.394] Adding entry into typings cache: 'strict-uri-encode' => '/home/tim/.cache/typescript/3.5/node_modules/@types/strict-uri-encode/index.d.ts'
[13:44:45.394] Adding entry into typings cache: 'stringify-object' => '/home/tim/.cache/typescript/3.5/node_modules/@types/stringify-object/index.d.ts'
[13:44:45.394] Adding entry into typings cache: 'strip-json-comments' => '/home/tim/.cache/typescript/3.5/node_modules/@types/strip-json-comments/index.d.ts'
[13:44:45.395] Adding entry into typings cache: 'supports-color' => '/home/tim/.cache/typescript/3.5/node_modules/@types/supports-color/index.d.ts'
[13:44:45.396] Adding entry into typings cache: 'svg-sprite-loader' => '/home/tim/.cache/typescript/3.5/node_modules/@types/svg-sprite-loader/index.d.ts'
[13:44:45.396] Adding entry into typings cache: 'svgo' => '/home/tim/.cache/typescript/3.5/node_modules/@types/svgo/index.d.ts'
[13:44:45.397] Adding entry into typings cache: 'table' => '/home/tim/.cache/typescript/3.5/node_modules/@types/table/index.d.ts'
[13:44:45.397] Adding entry into typings cache: 'tapable' => '/home/tim/.cache/typescript/3.5/node_modules/@types/tapable/index.d.ts'
[13:44:45.398] Adding entry into typings cache: 'tar' => '/home/tim/.cache/typescript/3.5/node_modules/@types/tar/index.d.ts'
[13:44:45.398] Adding entry into typings cache: 'term-size' => '/home/tim/.cache/typescript/3.5/node_modules/@types/term-size/index.d.ts'
[13:44:45.399] Adding entry into typings cache: 'terser-webpack-plugin' => '/home/tim/.cache/typescript/3.5/node_modules/@types/terser-webpack-plugin/index.d.ts'
[13:44:45.399] Adding entry into typings cache: 'text-table' => '/home/tim/.cache/typescript/3.5/node_modules/@types/text-table/index.d.ts'
[13:44:45.400] Adding entry into typings cache: 'through' => '/home/tim/.cache/typescript/3.5/node_modules/@types/through/index.d.ts'
[13:44:45.400] Adding entry into typings cache: 'through2' => '/home/tim/.cache/typescript/3.5/node_modules/@types/through2/index.d.ts'
[13:44:45.401] Adding entry into typings cache: 'timsort' => '/home/tim/.cache/typescript/3.5/node_modules/@types/timsort/index.d.ts'
[13:44:45.401] Adding entry into typings cache: 'tmp' => '/home/tim/.cache/typescript/3.5/node_modules/@types/tmp/index.d.ts'
[13:44:45.402] Adding entry into typings cache: 'topo' => '/home/tim/.cache/typescript/3.5/node_modules/@types/topo/index.d.ts'
[13:44:45.402] Adding entry into typings cache: 'toposort' => '/home/tim/.cache/typescript/3.5/node_modules/@types/toposort/index.d.ts'
[13:44:45.402] Adding entry into typings cache: 'tough-cookie' => '/home/tim/.cache/typescript/3.5/node_modules/@types/tough-cookie/index.d.ts'
[13:44:45.403] Adding entry into typings cache: 'traverse' => '/home/tim/.cache/typescript/3.5/node_modules/@types/traverse/index.d.ts'
[13:44:45.403] Adding entry into typings cache: 'tryer' => '/home/tim/.cache/typescript/3.5/node_modules/@types/tryer/index.d.ts'
[13:44:45.404] Adding entry into typings cache: 'type-check' => '/home/tim/.cache/typescript/3.5/node_modules/@types/type-check/index.d.ts'
[13:44:45.404] Adding entry into typings cache: 'type-is' => '/home/tim/.cache/typescript/3.5/node_modules/@types/type-is/index.d.ts'
[13:44:45.405] Adding entry into typings cache: 'ua-parser-js' => '/home/tim/.cache/typescript/3.5/node_modules/@types/ua-parser-js/index.d.ts'
[13:44:45.405] Adding entry into typings cache: 'uglify-js' => '/home/tim/.cache/typescript/3.5/node_modules/@types/uglify-js/index.d.ts'
[13:44:45.406] Adding entry into typings cache: 'unidecode' => '/home/tim/.cache/typescript/3.5/node_modules/@types/unidecode/index.d.ts'
[13:44:45.406] Adding entry into typings cache: 'uniq' => '/home/tim/.cache/typescript/3.5/node_modules/@types/uniq/index.d.ts'
[13:44:45.407] Adding entry into typings cache: 'urix' => '/home/tim/.cache/typescript/3.5/node_modules/@types/urix/index.d.ts'
[13:44:45.408] Adding entry into typings cache: 'url-parse' => '/home/tim/.cache/typescript/3.5/node_modules/@types/url-parse/index.d.ts'
[13:44:45.408] Adding entry into typings cache: 'util-deprecate' => '/home/tim/.cache/typescript/3.5/node_modules/@types/util-deprecate/index.d.ts'
[13:44:45.409] Adding entry into typings cache: 'util.promisify' => '/home/tim/.cache/typescript/3.5/node_modules/@types/util.promisify/index.d.ts'
[13:44:45.409] Adding entry into typings cache: 'utils-merge' => '/home/tim/.cache/typescript/3.5/node_modules/@types/utils-merge/index.d.ts'
[13:44:45.410] Adding entry into typings cache: 'uuid' => '/home/tim/.cache/typescript/3.5/node_modules/@types/uuid/index.d.ts'
[13:44:45.410] Adding entry into typings cache: 'vary' => '/home/tim/.cache/typescript/3.5/node_modules/@types/vary/index.d.ts'
[13:44:45.411] Adding entry into typings cache: 'verror' => '/home/tim/.cache/typescript/3.5/node_modules/@types/verror/index.d.ts'
[13:44:45.411] Adding entry into typings cache: 'void-elements' => '/home/tim/.cache/typescript/3.5/node_modules/@types/void-elements/index.d.ts'
[13:44:45.412] Adding entry into typings cache: 'warning' => '/home/tim/.cache/typescript/3.5/node_modules/@types/warning/index.d.ts'
[13:44:45.412] Adding entry into typings cache: 'watch' => '/home/tim/.cache/typescript/3.5/node_modules/@types/watch/index.d.ts'
[13:44:45.413] Adding entry into typings cache: 'watchpack' => '/home/tim/.cache/typescript/3.5/node_modules/@types/watchpack/index.d.ts'
[13:44:45.413] Adding entry into typings cache: 'wcwidth' => '/home/tim/.cache/typescript/3.5/node_modules/@types/wcwidth/index.d.ts'
[13:44:45.414] Adding entry into typings cache: 'webpack' => '/home/tim/.cache/typescript/3.5/node_modules/@types/webpack/index.d.ts'
[13:44:45.414] Adding entry into typings cache: 'webpack-bundle-analyzer' => '/home/tim/.cache/typescript/3.5/node_modules/@types/webpack-bundle-analyzer/index.d.ts'
[13:44:45.415] Adding entry into typings cache: 'webpack-dev-middleware' => '/home/tim/.cache/typescript/3.5/node_modules/@types/webpack-dev-middleware/index.d.ts'
[13:44:45.415] Adding entry into typings cache: 'webpack-dev-server' => '/home/tim/.cache/typescript/3.5/node_modules/@types/webpack-dev-server/index.d.ts'
[13:44:45.416] Adding entry into typings cache: 'webpack-hot-middleware' => '/home/tim/.cache/typescript/3.5/node_modules/@types/webpack-hot-middleware/index.d.ts'
[13:44:45.416] Adding entry into typings cache: 'webpack-merge' => '/home/tim/.cache/typescript/3.5/node_modules/@types/webpack-merge/index.d.ts'
[13:44:45.417] Adding entry into typings cache: 'webpack-sources' => '/home/tim/.cache/typescript/3.5/node_modules/@types/webpack-sources/index.d.ts'
[13:44:45.417] Adding entry into typings cache: 'whatwg-mimetype' => '/home/tim/.cache/typescript/3.5/node_modules/@types/whatwg-mimetype/index.d.ts'
[13:44:45.418] Adding entry into typings cache: 'whatwg-url' => '/home/tim/.cache/typescript/3.5/node_modules/@types/whatwg-url/index.d.ts'
[13:44:45.418] Adding entry into typings cache: 'which' => '/home/tim/.cache/typescript/3.5/node_modules/@types/which/index.d.ts'
[13:44:45.418] Adding entry into typings cache: 'window-size' => '/home/tim/.cache/typescript/3.5/node_modules/@types/window-size/index.d.ts'
[13:44:45.419] Adding entry into typings cache: 'wordwrap' => '/home/tim/.cache/typescript/3.5/node_modules/@types/wordwrap/index.d.ts'
[13:44:45.419] Adding entry into typings cache: 'workbox-sw' => '/home/tim/.cache/typescript/3.5/node_modules/@types/workbox-sw/index.d.ts'
[13:44:45.420] Adding entry into typings cache: 'workbox-webpack-plugin' => '/home/tim/.cache/typescript/3.5/node_modules/@types/workbox-webpack-plugin/index.d.ts'
[13:44:45.420] Adding entry into typings cache: 'wrap-ansi' => '/home/tim/.cache/typescript/3.5/node_modules/@types/wrap-ansi/index.d.ts'
[13:44:45.421] Adding entry into typings cache: 'write' => '/home/tim/.cache/typescript/3.5/node_modules/@types/write/index.d.ts'
[13:44:45.421] Adding entry into typings cache: 'write-file-atomic' => '/home/tim/.cache/typescript/3.5/node_modules/@types/write-file-atomic/index.d.ts'
[13:44:45.422] Adding entry into typings cache: 'ws' => '/home/tim/.cache/typescript/3.5/node_modules/@types/ws/index.d.ts'
[13:44:45.422] Adding entry into typings cache: 'xml' => '/home/tim/.cache/typescript/3.5/node_modules/@types/xml/index.d.ts'
[13:44:45.423] Adding entry into typings cache: 'xtend' => '/home/tim/.cache/typescript/3.5/node_modules/@types/xtend/index.d.ts'
[13:44:45.423] Adding entry into typings cache: 'y18n' => '/home/tim/.cache/typescript/3.5/node_modules/@types/y18n/index.d.ts'
[13:44:45.424] Adding entry into typings cache: 'yallist' => '/home/tim/.cache/typescript/3.5/node_modules/@types/yallist/index.d.ts'
[13:44:45.424] Adding entry into typings cache: 'yargs' => '/home/tim/.cache/typescript/3.5/node_modules/@types/yargs/index.d.ts'
[13:44:45.425] Adding entry into typings cache: 'yargs-parser' => '/home/tim/.cache/typescript/3.5/node_modules/@types/yargs-parser/index.d.ts'
[13:44:45.425] Finished processing cache location '/home/tim/.cache/typescript/3.5'
[13:44:45.425] Process id: 31869
[13:44:45.425] NPM location: /home/tim/.nodenv/versions/13.2.0/bin/npm (explicit '--npmLocation' not  provided)
[13:44:45.425] validateDefaultNpmLocation: false
[13:44:45.425] Npm config file: /home/tim/.cache/typescript/3.5/package.json
[13:44:45.425] Updating types-registry npm package...
[13:44:45.425] Exec: /home/tim/.nodenv/versions/13.2.0/bin/npm install --ignore-scripts types-registry@latest
[13:44:49.234]     Succeeded. stdout:
    + types-registry@0.1.466
    updated 1 package and audited 3377 packages in 3.187s
found 0 vulnerabilities


[13:44:49.234] Updated types-registry npm package
